<?xml version="1.0" encoding="UTF-8"?>
<testsuite xmlns:xsi="http://www.w3.org/2001/XMLSchema-instance" xsi:noNamespaceSchemaLocation="https://maven.apache.org/surefire/maven-surefire-plugin/xsd/surefire-test-report-3.0.xsd" version="3.0" name="com.example.customer_service.controller.CustomerServiceControllerTest" time="1.871" tests="44" errors="0" skipped="0" failures="0">
  <properties>
    <property name="java.specification.version" value="21"/>
    <property name="sun.cpu.isalist" value="amd64"/>
    <property name="sun.jnu.encoding" value="Cp1252"/>
    <property name="java.class.path" value="C:\Users\psaik\customer_service\customer_service\target\test-classes;C:\Users\psaik\customer_service\customer_service\target\classes;C:\Users\psaik\.m2\repository\org\springframework\boot\spring-boot-starter-data-jpa\3.3.5\spring-boot-starter-data-jpa-3.3.5.jar;C:\Users\psaik\.m2\repository\org\springframework\boot\spring-boot-starter-aop\3.3.5\spring-boot-starter-aop-3.3.5.jar;C:\Users\psaik\.m2\repository\org\aspectj\aspectjweaver\1.9.22.1\aspectjweaver-1.9.22.1.jar;C:\Users\psaik\.m2\repository\org\springframework\boot\spring-boot-starter-jdbc\3.3.5\spring-boot-starter-jdbc-3.3.5.jar;C:\Users\psaik\.m2\repository\com\zaxxer\HikariCP\5.1.0\HikariCP-5.1.0.jar;C:\Users\psaik\.m2\repository\org\springframework\spring-jdbc\6.1.14\spring-jdbc-6.1.14.jar;C:\Users\psaik\.m2\repository\org\hibernate\orm\hibernate-core\6.5.3.Final\hibernate-core-6.5.3.Final.jar;C:\Users\psaik\.m2\repository\jakarta\persistence\jakarta.persistence-api\3.1.0\jakarta.persistence-api-3.1.0.jar;C:\Users\psaik\.m2\repository\jakarta\transaction\jakarta.transaction-api\2.0.1\jakarta.transaction-api-2.0.1.jar;C:\Users\psaik\.m2\repository\org\jboss\logging\jboss-logging\3.5.3.Final\jboss-logging-3.5.3.Final.jar;C:\Users\psaik\.m2\repository\org\hibernate\common\hibernate-commons-annotations\6.0.6.Final\hibernate-commons-annotations-6.0.6.Final.jar;C:\Users\psaik\.m2\repository\io\smallrye\jandex\3.1.2\jandex-3.1.2.jar;C:\Users\psaik\.m2\repository\com\fasterxml\classmate\1.7.0\classmate-1.7.0.jar;C:\Users\psaik\.m2\repository\net\bytebuddy\byte-buddy\1.14.19\byte-buddy-1.14.19.jar;C:\Users\psaik\.m2\repository\org\glassfish\jaxb\jaxb-runtime\4.0.5\jaxb-runtime-4.0.5.jar;C:\Users\psaik\.m2\repository\org\glassfish\jaxb\jaxb-core\4.0.5\jaxb-core-4.0.5.jar;C:\Users\psaik\.m2\repository\org\eclipse\angus\angus-activation\2.0.2\angus-activation-2.0.2.jar;C:\Users\psaik\.m2\repository\org\glassfish\jaxb\txw2\4.0.5\txw2-4.0.5.jar;C:\Users\psaik\.m2\repository\com\sun\istack\istack-commons-runtime\4.1.2\istack-commons-runtime-4.1.2.jar;C:\Users\psaik\.m2\repository\jakarta\inject\jakarta.inject-api\2.0.1\jakarta.inject-api-2.0.1.jar;C:\Users\psaik\.m2\repository\org\antlr\antlr4-runtime\4.13.0\antlr4-runtime-4.13.0.jar;C:\Users\psaik\.m2\repository\org\springframework\data\spring-data-jpa\3.3.5\spring-data-jpa-3.3.5.jar;C:\Users\psaik\.m2\repository\org\springframework\data\spring-data-commons\3.3.5\spring-data-commons-3.3.5.jar;C:\Users\psaik\.m2\repository\org\springframework\spring-orm\6.1.14\spring-orm-6.1.14.jar;C:\Users\psaik\.m2\repository\org\springframework\spring-beans\6.1.14\spring-beans-6.1.14.jar;C:\Users\psaik\.m2\repository\jakarta\annotation\jakarta.annotation-api\2.1.1\jakarta.annotation-api-2.1.1.jar;C:\Users\psaik\.m2\repository\org\springframework\spring-aspects\6.1.14\spring-aspects-6.1.14.jar;C:\Users\psaik\.m2\repository\org\springframework\boot\spring-boot-starter-web\3.3.5\spring-boot-starter-web-3.3.5.jar;C:\Users\psaik\.m2\repository\org\springframework\boot\spring-boot-starter\3.3.5\spring-boot-starter-3.3.5.jar;C:\Users\psaik\.m2\repository\org\springframework\boot\spring-boot\3.3.5\spring-boot-3.3.5.jar;C:\Users\psaik\.m2\repository\org\springframework\boot\spring-boot-autoconfigure\3.3.5\spring-boot-autoconfigure-3.3.5.jar;C:\Users\psaik\.m2\repository\org\springframework\boot\spring-boot-starter-logging\3.3.5\spring-boot-starter-logging-3.3.5.jar;C:\Users\psaik\.m2\repository\ch\qos\logback\logback-classic\1.5.11\logback-classic-1.5.11.jar;C:\Users\psaik\.m2\repository\ch\qos\logback\logback-core\1.5.11\logback-core-1.5.11.jar;C:\Users\psaik\.m2\repository\org\apache\logging\log4j\log4j-to-slf4j\2.23.1\log4j-to-slf4j-2.23.1.jar;C:\Users\psaik\.m2\repository\org\apache\logging\log4j\log4j-api\2.23.1\log4j-api-2.23.1.jar;C:\Users\psaik\.m2\repository\org\slf4j\jul-to-slf4j\2.0.16\jul-to-slf4j-2.0.16.jar;C:\Users\psaik\.m2\repository\org\yaml\snakeyaml\2.2\snakeyaml-2.2.jar;C:\Users\psaik\.m2\repository\org\springframework\boot\spring-boot-starter-json\3.3.5\spring-boot-starter-json-3.3.5.jar;C:\Users\psaik\.m2\repository\com\fasterxml\jackson\datatype\jackson-datatype-jdk8\2.17.2\jackson-datatype-jdk8-2.17.2.jar;C:\Users\psaik\.m2\repository\com\fasterxml\jackson\datatype\jackson-datatype-jsr310\2.17.2\jackson-datatype-jsr310-2.17.2.jar;C:\Users\psaik\.m2\repository\com\fasterxml\jackson\module\jackson-module-parameter-names\2.17.2\jackson-module-parameter-names-2.17.2.jar;C:\Users\psaik\.m2\repository\org\springframework\boot\spring-boot-starter-tomcat\3.3.5\spring-boot-starter-tomcat-3.3.5.jar;C:\Users\psaik\.m2\repository\org\apache\tomcat\embed\tomcat-embed-core\10.1.31\tomcat-embed-core-10.1.31.jar;C:\Users\psaik\.m2\repository\org\apache\tomcat\embed\tomcat-embed-el\10.1.31\tomcat-embed-el-10.1.31.jar;C:\Users\psaik\.m2\repository\org\apache\tomcat\embed\tomcat-embed-websocket\10.1.31\tomcat-embed-websocket-10.1.31.jar;C:\Users\psaik\.m2\repository\org\springframework\spring-web\6.1.14\spring-web-6.1.14.jar;C:\Users\psaik\.m2\repository\org\springframework\spring-webmvc\6.1.14\spring-webmvc-6.1.14.jar;C:\Users\psaik\.m2\repository\org\springframework\spring-expression\6.1.14\spring-expression-6.1.14.jar;C:\Users\psaik\.m2\repository\org\postgresql\postgresql\42.7.4\postgresql-42.7.4.jar;C:\Users\psaik\.m2\repository\org\checkerframework\checker-qual\3.42.0\checker-qual-3.42.0.jar;C:\Users\psaik\.m2\repository\org\projectlombok\lombok\1.18.34\lombok-1.18.34.jar;C:\Users\psaik\.m2\repository\org\springframework\boot\spring-boot-starter-test\3.3.5\spring-boot-starter-test-3.3.5.jar;C:\Users\psaik\.m2\repository\org\springframework\boot\spring-boot-test\3.3.5\spring-boot-test-3.3.5.jar;C:\Users\psaik\.m2\repository\org\springframework\boot\spring-boot-test-autoconfigure\3.3.5\spring-boot-test-autoconfigure-3.3.5.jar;C:\Users\psaik\.m2\repository\com\jayway\jsonpath\json-path\2.9.0\json-path-2.9.0.jar;C:\Users\psaik\.m2\repository\jakarta\xml\bind\jakarta.xml.bind-api\4.0.2\jakarta.xml.bind-api-4.0.2.jar;C:\Users\psaik\.m2\repository\jakarta\activation\jakarta.activation-api\2.1.3\jakarta.activation-api-2.1.3.jar;C:\Users\psaik\.m2\repository\net\minidev\json-smart\2.5.1\json-smart-2.5.1.jar;C:\Users\psaik\.m2\repository\net\minidev\accessors-smart\2.5.1\accessors-smart-2.5.1.jar;C:\Users\psaik\.m2\repository\org\ow2\asm\asm\9.6\asm-9.6.jar;C:\Users\psaik\.m2\repository\org\assertj\assertj-core\3.25.3\assertj-core-3.25.3.jar;C:\Users\psaik\.m2\repository\org\awaitility\awaitility\4.2.2\awaitility-4.2.2.jar;C:\Users\psaik\.m2\repository\org\hamcrest\hamcrest\2.2\hamcrest-2.2.jar;C:\Users\psaik\.m2\repository\org\junit\jupiter\junit-jupiter\5.10.5\junit-jupiter-5.10.5.jar;C:\Users\psaik\.m2\repository\org\junit\jupiter\junit-jupiter-api\5.10.5\junit-jupiter-api-5.10.5.jar;C:\Users\psaik\.m2\repository\org\opentest4j\opentest4j\1.3.0\opentest4j-1.3.0.jar;C:\Users\psaik\.m2\repository\org\junit\platform\junit-platform-commons\1.10.5\junit-platform-commons-1.10.5.jar;C:\Users\psaik\.m2\repository\org\apiguardian\apiguardian-api\1.1.2\apiguardian-api-1.1.2.jar;C:\Users\psaik\.m2\repository\org\junit\jupiter\junit-jupiter-params\5.10.5\junit-jupiter-params-5.10.5.jar;C:\Users\psaik\.m2\repository\org\junit\jupiter\junit-jupiter-engine\5.10.5\junit-jupiter-engine-5.10.5.jar;C:\Users\psaik\.m2\repository\org\junit\platform\junit-platform-engine\1.10.5\junit-platform-engine-1.10.5.jar;C:\Users\psaik\.m2\repository\org\mockito\mockito-core\5.11.0\mockito-core-5.11.0.jar;C:\Users\psaik\.m2\repository\net\bytebuddy\byte-buddy-agent\1.14.19\byte-buddy-agent-1.14.19.jar;C:\Users\psaik\.m2\repository\org\objenesis\objenesis\3.3\objenesis-3.3.jar;C:\Users\psaik\.m2\repository\org\mockito\mockito-junit-jupiter\5.11.0\mockito-junit-jupiter-5.11.0.jar;C:\Users\psaik\.m2\repository\org\skyscreamer\jsonassert\1.5.3\jsonassert-1.5.3.jar;C:\Users\psaik\.m2\repository\com\vaadin\external\google\android-json\0.0.20131108.vaadin1\android-json-0.0.20131108.vaadin1.jar;C:\Users\psaik\.m2\repository\org\springframework\spring-core\6.1.14\spring-core-6.1.14.jar;C:\Users\psaik\.m2\repository\org\springframework\spring-jcl\6.1.14\spring-jcl-6.1.14.jar;C:\Users\psaik\.m2\repository\org\springframework\spring-test\6.1.14\spring-test-6.1.14.jar;C:\Users\psaik\.m2\repository\org\xmlunit\xmlunit-core\2.9.1\xmlunit-core-2.9.1.jar;C:\Users\psaik\.m2\repository\jakarta\validation\jakarta.validation-api\3.0.2\jakarta.validation-api-3.0.2.jar;C:\Users\psaik\.m2\repository\org\springframework\boot\spring-boot-starter-security\3.3.5\spring-boot-starter-security-3.3.5.jar;C:\Users\psaik\.m2\repository\org\springframework\spring-aop\6.1.14\spring-aop-6.1.14.jar;C:\Users\psaik\.m2\repository\org\springframework\security\spring-security-config\6.3.4\spring-security-config-6.3.4.jar;C:\Users\psaik\.m2\repository\org\springframework\security\spring-security-core\6.3.4\spring-security-core-6.3.4.jar;C:\Users\psaik\.m2\repository\org\springframework\security\spring-security-crypto\6.3.4\spring-security-crypto-6.3.4.jar;C:\Users\psaik\.m2\repository\org\springframework\security\spring-security-web\6.3.4\spring-security-web-6.3.4.jar;C:\Users\psaik\.m2\repository\org\mapstruct\mapstruct\1.5.5.Final\mapstruct-1.5.5.Final.jar;C:\Users\psaik\.m2\repository\org\mapstruct\mapstruct-processor\1.5.5.Final\mapstruct-processor-1.5.5.Final.jar;C:\Users\psaik\.m2\repository\io\jsonwebtoken\jjwt-api\0.11.5\jjwt-api-0.11.5.jar;C:\Users\psaik\.m2\repository\io\jsonwebtoken\jjwt-impl\0.11.5\jjwt-impl-0.11.5.jar;C:\Users\psaik\.m2\repository\io\jsonwebtoken\jjwt-jackson\0.11.5\jjwt-jackson-0.11.5.jar;C:\Users\psaik\.m2\repository\com\fasterxml\jackson\core\jackson-databind\2.17.2\jackson-databind-2.17.2.jar;C:\Users\psaik\.m2\repository\com\fasterxml\jackson\core\jackson-annotations\2.17.2\jackson-annotations-2.17.2.jar;C:\Users\psaik\.m2\repository\com\fasterxml\jackson\core\jackson-core\2.17.2\jackson-core-2.17.2.jar;C:\Users\psaik\.m2\repository\org\springframework\kafka\spring-kafka\3.2.4\spring-kafka-3.2.4.jar;C:\Users\psaik\.m2\repository\org\springframework\spring-context\6.1.14\spring-context-6.1.14.jar;C:\Users\psaik\.m2\repository\org\springframework\spring-messaging\6.1.14\spring-messaging-6.1.14.jar;C:\Users\psaik\.m2\repository\org\springframework\spring-tx\6.1.14\spring-tx-6.1.14.jar;C:\Users\psaik\.m2\repository\org\springframework\retry\spring-retry\2.0.10\spring-retry-2.0.10.jar;C:\Users\psaik\.m2\repository\io\micrometer\micrometer-observation\1.13.6\micrometer-observation-1.13.6.jar;C:\Users\psaik\.m2\repository\io\micrometer\micrometer-commons\1.13.6\micrometer-commons-1.13.6.jar;C:\Users\psaik\.m2\repository\org\apache\kafka\kafka-clients\3.7.1\kafka-clients-3.7.1.jar;C:\Users\psaik\.m2\repository\com\github\luben\zstd-jni\1.5.6-3\zstd-jni-1.5.6-3.jar;C:\Users\psaik\.m2\repository\org\lz4\lz4-java\1.8.0\lz4-java-1.8.0.jar;C:\Users\psaik\.m2\repository\org\xerial\snappy\snappy-java\1.1.10.5\snappy-java-1.1.10.5.jar;C:\Users\psaik\.m2\repository\org\slf4j\slf4j-api\2.0.16\slf4j-api-2.0.16.jar;"/>
    <property name="java.vm.vendor" value="Oracle Corporation"/>
    <property name="sun.arch.data.model" value="64"/>
    <property name="user.variant" value=""/>
    <property name="java.vendor.url" value="https://java.oracle.com/"/>
    <property name="user.timezone" value="America/New_York"/>
    <property name="org.jboss.logging.provider" value="slf4j"/>
    <property name="os.name" value="Windows 11"/>
    <property name="java.vm.specification.version" value="21"/>
    <property name="user.country" value="US"/>
    <property name="sun.java.launcher" value="SUN_STANDARD"/>
    <property name="sun.boot.library.path" value="C:\Program Files\Java\jdk-21\bin"/>
    <property name="sun.java.command" value="C:\Users\psaik\AppData\Local\Temp\surefire2411947576629612698\surefirebooter-20241223161019003_3.jar C:\Users\psaik\AppData\Local\Temp\surefire2411947576629612698 2024-12-23T16-10-18_786-jvmRun1 surefire-20241223161019003_1tmp surefire_0-20241223161019003_2tmp"/>
    <property name="jdk.debug" value="release"/>
    <property name="surefire.test.class.path" value="C:\Users\psaik\customer_service\customer_service\target\test-classes;C:\Users\psaik\customer_service\customer_service\target\classes;C:\Users\psaik\.m2\repository\org\springframework\boot\spring-boot-starter-data-jpa\3.3.5\spring-boot-starter-data-jpa-3.3.5.jar;C:\Users\psaik\.m2\repository\org\springframework\boot\spring-boot-starter-aop\3.3.5\spring-boot-starter-aop-3.3.5.jar;C:\Users\psaik\.m2\repository\org\aspectj\aspectjweaver\1.9.22.1\aspectjweaver-1.9.22.1.jar;C:\Users\psaik\.m2\repository\org\springframework\boot\spring-boot-starter-jdbc\3.3.5\spring-boot-starter-jdbc-3.3.5.jar;C:\Users\psaik\.m2\repository\com\zaxxer\HikariCP\5.1.0\HikariCP-5.1.0.jar;C:\Users\psaik\.m2\repository\org\springframework\spring-jdbc\6.1.14\spring-jdbc-6.1.14.jar;C:\Users\psaik\.m2\repository\org\hibernate\orm\hibernate-core\6.5.3.Final\hibernate-core-6.5.3.Final.jar;C:\Users\psaik\.m2\repository\jakarta\persistence\jakarta.persistence-api\3.1.0\jakarta.persistence-api-3.1.0.jar;C:\Users\psaik\.m2\repository\jakarta\transaction\jakarta.transaction-api\2.0.1\jakarta.transaction-api-2.0.1.jar;C:\Users\psaik\.m2\repository\org\jboss\logging\jboss-logging\3.5.3.Final\jboss-logging-3.5.3.Final.jar;C:\Users\psaik\.m2\repository\org\hibernate\common\hibernate-commons-annotations\6.0.6.Final\hibernate-commons-annotations-6.0.6.Final.jar;C:\Users\psaik\.m2\repository\io\smallrye\jandex\3.1.2\jandex-3.1.2.jar;C:\Users\psaik\.m2\repository\com\fasterxml\classmate\1.7.0\classmate-1.7.0.jar;C:\Users\psaik\.m2\repository\net\bytebuddy\byte-buddy\1.14.19\byte-buddy-1.14.19.jar;C:\Users\psaik\.m2\repository\org\glassfish\jaxb\jaxb-runtime\4.0.5\jaxb-runtime-4.0.5.jar;C:\Users\psaik\.m2\repository\org\glassfish\jaxb\jaxb-core\4.0.5\jaxb-core-4.0.5.jar;C:\Users\psaik\.m2\repository\org\eclipse\angus\angus-activation\2.0.2\angus-activation-2.0.2.jar;C:\Users\psaik\.m2\repository\org\glassfish\jaxb\txw2\4.0.5\txw2-4.0.5.jar;C:\Users\psaik\.m2\repository\com\sun\istack\istack-commons-runtime\4.1.2\istack-commons-runtime-4.1.2.jar;C:\Users\psaik\.m2\repository\jakarta\inject\jakarta.inject-api\2.0.1\jakarta.inject-api-2.0.1.jar;C:\Users\psaik\.m2\repository\org\antlr\antlr4-runtime\4.13.0\antlr4-runtime-4.13.0.jar;C:\Users\psaik\.m2\repository\org\springframework\data\spring-data-jpa\3.3.5\spring-data-jpa-3.3.5.jar;C:\Users\psaik\.m2\repository\org\springframework\data\spring-data-commons\3.3.5\spring-data-commons-3.3.5.jar;C:\Users\psaik\.m2\repository\org\springframework\spring-orm\6.1.14\spring-orm-6.1.14.jar;C:\Users\psaik\.m2\repository\org\springframework\spring-beans\6.1.14\spring-beans-6.1.14.jar;C:\Users\psaik\.m2\repository\jakarta\annotation\jakarta.annotation-api\2.1.1\jakarta.annotation-api-2.1.1.jar;C:\Users\psaik\.m2\repository\org\springframework\spring-aspects\6.1.14\spring-aspects-6.1.14.jar;C:\Users\psaik\.m2\repository\org\springframework\boot\spring-boot-starter-web\3.3.5\spring-boot-starter-web-3.3.5.jar;C:\Users\psaik\.m2\repository\org\springframework\boot\spring-boot-starter\3.3.5\spring-boot-starter-3.3.5.jar;C:\Users\psaik\.m2\repository\org\springframework\boot\spring-boot\3.3.5\spring-boot-3.3.5.jar;C:\Users\psaik\.m2\repository\org\springframework\boot\spring-boot-autoconfigure\3.3.5\spring-boot-autoconfigure-3.3.5.jar;C:\Users\psaik\.m2\repository\org\springframework\boot\spring-boot-starter-logging\3.3.5\spring-boot-starter-logging-3.3.5.jar;C:\Users\psaik\.m2\repository\ch\qos\logback\logback-classic\1.5.11\logback-classic-1.5.11.jar;C:\Users\psaik\.m2\repository\ch\qos\logback\logback-core\1.5.11\logback-core-1.5.11.jar;C:\Users\psaik\.m2\repository\org\apache\logging\log4j\log4j-to-slf4j\2.23.1\log4j-to-slf4j-2.23.1.jar;C:\Users\psaik\.m2\repository\org\apache\logging\log4j\log4j-api\2.23.1\log4j-api-2.23.1.jar;C:\Users\psaik\.m2\repository\org\slf4j\jul-to-slf4j\2.0.16\jul-to-slf4j-2.0.16.jar;C:\Users\psaik\.m2\repository\org\yaml\snakeyaml\2.2\snakeyaml-2.2.jar;C:\Users\psaik\.m2\repository\org\springframework\boot\spring-boot-starter-json\3.3.5\spring-boot-starter-json-3.3.5.jar;C:\Users\psaik\.m2\repository\com\fasterxml\jackson\datatype\jackson-datatype-jdk8\2.17.2\jackson-datatype-jdk8-2.17.2.jar;C:\Users\psaik\.m2\repository\com\fasterxml\jackson\datatype\jackson-datatype-jsr310\2.17.2\jackson-datatype-jsr310-2.17.2.jar;C:\Users\psaik\.m2\repository\com\fasterxml\jackson\module\jackson-module-parameter-names\2.17.2\jackson-module-parameter-names-2.17.2.jar;C:\Users\psaik\.m2\repository\org\springframework\boot\spring-boot-starter-tomcat\3.3.5\spring-boot-starter-tomcat-3.3.5.jar;C:\Users\psaik\.m2\repository\org\apache\tomcat\embed\tomcat-embed-core\10.1.31\tomcat-embed-core-10.1.31.jar;C:\Users\psaik\.m2\repository\org\apache\tomcat\embed\tomcat-embed-el\10.1.31\tomcat-embed-el-10.1.31.jar;C:\Users\psaik\.m2\repository\org\apache\tomcat\embed\tomcat-embed-websocket\10.1.31\tomcat-embed-websocket-10.1.31.jar;C:\Users\psaik\.m2\repository\org\springframework\spring-web\6.1.14\spring-web-6.1.14.jar;C:\Users\psaik\.m2\repository\org\springframework\spring-webmvc\6.1.14\spring-webmvc-6.1.14.jar;C:\Users\psaik\.m2\repository\org\springframework\spring-expression\6.1.14\spring-expression-6.1.14.jar;C:\Users\psaik\.m2\repository\org\postgresql\postgresql\42.7.4\postgresql-42.7.4.jar;C:\Users\psaik\.m2\repository\org\checkerframework\checker-qual\3.42.0\checker-qual-3.42.0.jar;C:\Users\psaik\.m2\repository\org\projectlombok\lombok\1.18.34\lombok-1.18.34.jar;C:\Users\psaik\.m2\repository\org\springframework\boot\spring-boot-starter-test\3.3.5\spring-boot-starter-test-3.3.5.jar;C:\Users\psaik\.m2\repository\org\springframework\boot\spring-boot-test\3.3.5\spring-boot-test-3.3.5.jar;C:\Users\psaik\.m2\repository\org\springframework\boot\spring-boot-test-autoconfigure\3.3.5\spring-boot-test-autoconfigure-3.3.5.jar;C:\Users\psaik\.m2\repository\com\jayway\jsonpath\json-path\2.9.0\json-path-2.9.0.jar;C:\Users\psaik\.m2\repository\jakarta\xml\bind\jakarta.xml.bind-api\4.0.2\jakarta.xml.bind-api-4.0.2.jar;C:\Users\psaik\.m2\repository\jakarta\activation\jakarta.activation-api\2.1.3\jakarta.activation-api-2.1.3.jar;C:\Users\psaik\.m2\repository\net\minidev\json-smart\2.5.1\json-smart-2.5.1.jar;C:\Users\psaik\.m2\repository\net\minidev\accessors-smart\2.5.1\accessors-smart-2.5.1.jar;C:\Users\psaik\.m2\repository\org\ow2\asm\asm\9.6\asm-9.6.jar;C:\Users\psaik\.m2\repository\org\assertj\assertj-core\3.25.3\assertj-core-3.25.3.jar;C:\Users\psaik\.m2\repository\org\awaitility\awaitility\4.2.2\awaitility-4.2.2.jar;C:\Users\psaik\.m2\repository\org\hamcrest\hamcrest\2.2\hamcrest-2.2.jar;C:\Users\psaik\.m2\repository\org\junit\jupiter\junit-jupiter\5.10.5\junit-jupiter-5.10.5.jar;C:\Users\psaik\.m2\repository\org\junit\jupiter\junit-jupiter-api\5.10.5\junit-jupiter-api-5.10.5.jar;C:\Users\psaik\.m2\repository\org\opentest4j\opentest4j\1.3.0\opentest4j-1.3.0.jar;C:\Users\psaik\.m2\repository\org\junit\platform\junit-platform-commons\1.10.5\junit-platform-commons-1.10.5.jar;C:\Users\psaik\.m2\repository\org\apiguardian\apiguardian-api\1.1.2\apiguardian-api-1.1.2.jar;C:\Users\psaik\.m2\repository\org\junit\jupiter\junit-jupiter-params\5.10.5\junit-jupiter-params-5.10.5.jar;C:\Users\psaik\.m2\repository\org\junit\jupiter\junit-jupiter-engine\5.10.5\junit-jupiter-engine-5.10.5.jar;C:\Users\psaik\.m2\repository\org\junit\platform\junit-platform-engine\1.10.5\junit-platform-engine-1.10.5.jar;C:\Users\psaik\.m2\repository\org\mockito\mockito-core\5.11.0\mockito-core-5.11.0.jar;C:\Users\psaik\.m2\repository\net\bytebuddy\byte-buddy-agent\1.14.19\byte-buddy-agent-1.14.19.jar;C:\Users\psaik\.m2\repository\org\objenesis\objenesis\3.3\objenesis-3.3.jar;C:\Users\psaik\.m2\repository\org\mockito\mockito-junit-jupiter\5.11.0\mockito-junit-jupiter-5.11.0.jar;C:\Users\psaik\.m2\repository\org\skyscreamer\jsonassert\1.5.3\jsonassert-1.5.3.jar;C:\Users\psaik\.m2\repository\com\vaadin\external\google\android-json\0.0.20131108.vaadin1\android-json-0.0.20131108.vaadin1.jar;C:\Users\psaik\.m2\repository\org\springframework\spring-core\6.1.14\spring-core-6.1.14.jar;C:\Users\psaik\.m2\repository\org\springframework\spring-jcl\6.1.14\spring-jcl-6.1.14.jar;C:\Users\psaik\.m2\repository\org\springframework\spring-test\6.1.14\spring-test-6.1.14.jar;C:\Users\psaik\.m2\repository\org\xmlunit\xmlunit-core\2.9.1\xmlunit-core-2.9.1.jar;C:\Users\psaik\.m2\repository\jakarta\validation\jakarta.validation-api\3.0.2\jakarta.validation-api-3.0.2.jar;C:\Users\psaik\.m2\repository\org\springframework\boot\spring-boot-starter-security\3.3.5\spring-boot-starter-security-3.3.5.jar;C:\Users\psaik\.m2\repository\org\springframework\spring-aop\6.1.14\spring-aop-6.1.14.jar;C:\Users\psaik\.m2\repository\org\springframework\security\spring-security-config\6.3.4\spring-security-config-6.3.4.jar;C:\Users\psaik\.m2\repository\org\springframework\security\spring-security-core\6.3.4\spring-security-core-6.3.4.jar;C:\Users\psaik\.m2\repository\org\springframework\security\spring-security-crypto\6.3.4\spring-security-crypto-6.3.4.jar;C:\Users\psaik\.m2\repository\org\springframework\security\spring-security-web\6.3.4\spring-security-web-6.3.4.jar;C:\Users\psaik\.m2\repository\org\mapstruct\mapstruct\1.5.5.Final\mapstruct-1.5.5.Final.jar;C:\Users\psaik\.m2\repository\org\mapstruct\mapstruct-processor\1.5.5.Final\mapstruct-processor-1.5.5.Final.jar;C:\Users\psaik\.m2\repository\io\jsonwebtoken\jjwt-api\0.11.5\jjwt-api-0.11.5.jar;C:\Users\psaik\.m2\repository\io\jsonwebtoken\jjwt-impl\0.11.5\jjwt-impl-0.11.5.jar;C:\Users\psaik\.m2\repository\io\jsonwebtoken\jjwt-jackson\0.11.5\jjwt-jackson-0.11.5.jar;C:\Users\psaik\.m2\repository\com\fasterxml\jackson\core\jackson-databind\2.17.2\jackson-databind-2.17.2.jar;C:\Users\psaik\.m2\repository\com\fasterxml\jackson\core\jackson-annotations\2.17.2\jackson-annotations-2.17.2.jar;C:\Users\psaik\.m2\repository\com\fasterxml\jackson\core\jackson-core\2.17.2\jackson-core-2.17.2.jar;C:\Users\psaik\.m2\repository\org\springframework\kafka\spring-kafka\3.2.4\spring-kafka-3.2.4.jar;C:\Users\psaik\.m2\repository\org\springframework\spring-context\6.1.14\spring-context-6.1.14.jar;C:\Users\psaik\.m2\repository\org\springframework\spring-messaging\6.1.14\spring-messaging-6.1.14.jar;C:\Users\psaik\.m2\repository\org\springframework\spring-tx\6.1.14\spring-tx-6.1.14.jar;C:\Users\psaik\.m2\repository\org\springframework\retry\spring-retry\2.0.10\spring-retry-2.0.10.jar;C:\Users\psaik\.m2\repository\io\micrometer\micrometer-observation\1.13.6\micrometer-observation-1.13.6.jar;C:\Users\psaik\.m2\repository\io\micrometer\micrometer-commons\1.13.6\micrometer-commons-1.13.6.jar;C:\Users\psaik\.m2\repository\org\apache\kafka\kafka-clients\3.7.1\kafka-clients-3.7.1.jar;C:\Users\psaik\.m2\repository\com\github\luben\zstd-jni\1.5.6-3\zstd-jni-1.5.6-3.jar;C:\Users\psaik\.m2\repository\org\lz4\lz4-java\1.8.0\lz4-java-1.8.0.jar;C:\Users\psaik\.m2\repository\org\xerial\snappy\snappy-java\1.1.10.5\snappy-java-1.1.10.5.jar;C:\Users\psaik\.m2\repository\org\slf4j\slf4j-api\2.0.16\slf4j-api-2.0.16.jar;"/>
    <property name="sun.cpu.endian" value="little"/>
    <property name="user.home" value="C:\Users\psaik"/>
    <property name="user.language" value="en"/>
    <property name="java.specification.vendor" value="Oracle Corporation"/>
    <property name="java.version.date" value="2023-10-17"/>
    <property name="java.home" value="C:\Program Files\Java\jdk-21"/>
    <property name="file.separator" value="\"/>
    <property name="basedir" value="C:\Users\psaik\customer_service\customer_service"/>
    <property name="java.vm.compressedOopsMode" value="Zero based"/>
    <property name="line.separator" value="&#10;"/>
    <property name="java.vm.specification.vendor" value="Oracle Corporation"/>
    <property name="java.specification.name" value="Java Platform API Specification"/>
    <property name="FILE_LOG_CHARSET" value="UTF-8"/>
    <property name="java.awt.headless" value="true"/>
    <property name="surefire.real.class.path" value="C:\Users\psaik\AppData\Local\Temp\surefire2411947576629612698\surefirebooter-20241223161019003_3.jar"/>
    <property name="user.script" value=""/>
    <property name="sun.management.compiler" value="HotSpot 64-Bit Tiered Compilers"/>
    <property name="java.runtime.version" value="21.0.1+12-LTS-29"/>
    <property name="user.name" value="psaik"/>
    <property name="stdout.encoding" value="Cp1252"/>
    <property name="path.separator" value=";"/>
    <property name="os.version" value="10.0"/>
    <property name="java.runtime.name" value="Java(TM) SE Runtime Environment"/>
    <property name="file.encoding" value="UTF-8"/>
    <property name="java.vm.name" value="Java HotSpot(TM) 64-Bit Server VM"/>
    <property name="LOG_FILE" value="logs/customer_service.log"/>
    <property name="localRepository" value="C:\Users\psaik\.m2\repository"/>
    <property name="java.vendor.url.bug" value="https://bugreport.java.com/bugreport/"/>
    <property name="java.io.tmpdir" value="C:\Users\psaik\AppData\Local\Temp\"/>
    <property name="java.version" value="21.0.1"/>
    <property name="user.dir" value="C:\Users\psaik\customer_service\customer_service"/>
    <property name="os.arch" value="amd64"/>
    <property name="java.vm.specification.name" value="Java Virtual Machine Specification"/>
    <property name="PID" value="31456"/>
    <property name="sun.os.patch.level" value=""/>
    <property name="CONSOLE_LOG_CHARSET" value="UTF-8"/>
    <property name="native.encoding" value="Cp1252"/>
    <property name="java.library.path" value="C:\Program Files\Java\jdk-21\bin;C:\WINDOWS\Sun\Java\bin;C:\WINDOWS\system32;C:\WINDOWS;C:\Program Files\Common Files\Oracle\Java\javapath;C:\WINDOWS\system32;C:\WINDOWS;C:\WINDOWS\System32\Wbem;C:\WINDOWS\System32\WindowsPowerShell\v1.0\;C:\WINDOWS\System32\OpenSSH\;C:\Program Files\dotnet\;C:\Program Files\Java\jdk-21\bin;C:\Program Files\Git\cmd;C:\Program Files\Amazon\AWSCLIV2\;C:\Program Files\apache-maven-3.9.9-bin\apache-maven-3.9.9\bin;C:\Users\psaik\AppData\Roaming\nvm;C:\Program Files\nodejs;C:\Users\psaik\AppData\Local\Programs\Python\Launcher\;C:\Users\psaik\AppData\Local\Microsoft\WindowsApps;C:\Spark\spark-3.5.0-bin-hadoop3\bin;C:\hadoop\bin;C:\Users\psaik\AppData\Local\Programs\Microsoft VS Code\bin;C:\Users\psaik\Downloads\terraform_1.9.3_windows_amd64;C:\Users\psaik\AppData\Local\Microsoft\WinGet\Packages\Schniz.fnm_Microsoft.Winget.Source_8wekyb3d8bbwe;C:\Users\psaik\AppData\Local\GitHubDesktop\bin;C:\Users\psaik\AppData\Roaming\npm;C:\Users\psaik\AppData\Roaming\nvm;C:\Program Files\nodejs;C:\Program Files\JetBrains\IntelliJ IDEA 2024.3.1\bin;;C:\kafka_2.12-3.9.0\bin;;."/>
    <property name="java.vm.info" value="mixed mode, sharing"/>
    <property name="stderr.encoding" value="Cp1252"/>
    <property name="java.vendor" value="Oracle Corporation"/>
    <property name="java.vm.version" value="21.0.1+12-LTS-29"/>
    <property name="sun.io.unicode.encoding" value="UnicodeLittle"/>
    <property name="java.class.version" value="65.0"/>
    <property name="LOGGED_APPLICATION_NAME" value="[customer_service] "/>
  </properties>
  <testcase name="updateCustomer_shouldReturnOkWhenPhoneNumberIsValid" classname="com.example.customer_service.controller.CustomerServiceControllerTest" time="0.651">
    <system-out><![CDATA[2024-12-23T16:10:28.766-05:00 DEBUG 31456 --- [customer_service] [           main] s.w.s.m.m.a.RequestMappingHandlerMapping : 7 mappings in org.springframework.web.servlet.mvc.method.annotation.RequestMappingHandlerMapping
2024-12-23T16:10:28.769-05:00 DEBUG 31456 --- [customer_service] [           main] s.w.s.m.m.a.RequestMappingHandlerAdapter : ControllerAdvice beans: 0 @ModelAttribute, 0 @InitBinder, 1 RequestBodyAdvice, 1 ResponseBodyAdvice
2024-12-23T16:10:28.769-05:00 DEBUG 31456 --- [customer_service] [           main] .m.m.a.ExceptionHandlerExceptionResolver : ControllerAdvice beans: 0 @ExceptionHandler, 1 ResponseBodyAdvice
2024-12-23T16:10:28.771-05:00  INFO 31456 --- [customer_service] [           main] o.s.mock.web.MockServletContext          : Initializing Spring TestDispatcherServlet ''
2024-12-23T16:10:28.771-05:00  INFO 31456 --- [customer_service] [           main] o.s.t.web.servlet.TestDispatcherServlet  : Initializing Servlet ''
2024-12-23T16:10:28.771-05:00  INFO 31456 --- [customer_service] [           main] o.s.t.web.servlet.TestDispatcherServlet  : Completed initialization in 0 ms
2024-12-23T16:10:28.826-05:00 DEBUG 31456 --- [customer_service] [           main] s.w.s.m.m.a.RequestMappingHandlerMapping : Mapped to com.example.customer_service.controller.CustomerController#updateCustomer(Long, Map)
2024-12-23T16:10:28.886-05:00 DEBUG 31456 --- [customer_service] [           main] m.m.a.RequestResponseBodyMethodProcessor : Read "application/json" to [{phoneNumber=1234567890}]
2024-12-23T16:10:28.911-05:00 DEBUG 31456 --- [customer_service] [           main] o.s.w.s.m.m.a.HttpEntityMethodProcessor  : Using 'application/json', given [*/*] and supported [application/json, application/*+json]
2024-12-23T16:10:28.913-05:00 DEBUG 31456 --- [customer_service] [           main] o.s.w.s.m.m.a.HttpEntityMethodProcessor  : Writing [{message=Customer updated successfully, status=200}]
Test Passed: PUT with valid phoneNumber returned 200 OK.
]]></system-out>
  </testcase>
  <testcase name="updateCustomer_shouldReturnUnauthorizedWhenNotAuthenticated" classname="com.example.customer_service.controller.CustomerServiceControllerTest" time="0.021">
    <system-out><![CDATA[2024-12-23T16:10:29.027-05:00 DEBUG 31456 --- [customer_service] [           main] s.w.s.m.m.a.RequestMappingHandlerMapping : 7 mappings in org.springframework.web.servlet.mvc.method.annotation.RequestMappingHandlerMapping
2024-12-23T16:10:29.030-05:00 DEBUG 31456 --- [customer_service] [           main] s.w.s.m.m.a.RequestMappingHandlerAdapter : ControllerAdvice beans: 0 @ModelAttribute, 0 @InitBinder, 1 RequestBodyAdvice, 1 ResponseBodyAdvice
2024-12-23T16:10:29.031-05:00 DEBUG 31456 --- [customer_service] [           main] .m.m.a.ExceptionHandlerExceptionResolver : ControllerAdvice beans: 0 @ExceptionHandler, 1 ResponseBodyAdvice
2024-12-23T16:10:29.031-05:00  INFO 31456 --- [customer_service] [           main] o.s.mock.web.MockServletContext          : Initializing Spring TestDispatcherServlet ''
2024-12-23T16:10:29.031-05:00  INFO 31456 --- [customer_service] [           main] o.s.t.web.servlet.TestDispatcherServlet  : Initializing Servlet ''
2024-12-23T16:10:29.032-05:00  INFO 31456 --- [customer_service] [           main] o.s.t.web.servlet.TestDispatcherServlet  : Completed initialization in 0 ms
2024-12-23T16:10:29.033-05:00 DEBUG 31456 --- [customer_service] [           main] s.w.s.m.m.a.RequestMappingHandlerMapping : Mapped to com.example.customer_service.controller.CustomerController#updateCustomer(Long, Map)
2024-12-23T16:10:29.036-05:00 DEBUG 31456 --- [customer_service] [           main] m.m.a.RequestResponseBodyMethodProcessor : Read "application/json" to [{}]
2024-12-23T16:10:29.038-05:00 DEBUG 31456 --- [customer_service] [           main] o.s.w.s.m.m.a.HttpEntityMethodProcessor  : Using 'application/json', given [*/*] and supported [application/json, application/*+json]
2024-12-23T16:10:29.038-05:00 DEBUG 31456 --- [customer_service] [           main] o.s.w.s.m.m.a.HttpEntityMethodProcessor  : Writing [{message=Unauthorized access, status=401}]
Test Passed: PUT unauthorized access returned 401.
]]></system-out>
  </testcase>
  <testcase name="updateCustomer_shouldReturnNotFoundWhenCustomerDoesNotExist" classname="com.example.customer_service.controller.CustomerServiceControllerTest" time="0.03">
    <system-out><![CDATA[2024-12-23T16:10:29.055-05:00 DEBUG 31456 --- [customer_service] [           main] s.w.s.m.m.a.RequestMappingHandlerMapping : 7 mappings in org.springframework.web.servlet.mvc.method.annotation.RequestMappingHandlerMapping
2024-12-23T16:10:29.058-05:00 DEBUG 31456 --- [customer_service] [           main] s.w.s.m.m.a.RequestMappingHandlerAdapter : ControllerAdvice beans: 0 @ModelAttribute, 0 @InitBinder, 1 RequestBodyAdvice, 1 ResponseBodyAdvice
2024-12-23T16:10:29.059-05:00 DEBUG 31456 --- [customer_service] [           main] .m.m.a.ExceptionHandlerExceptionResolver : ControllerAdvice beans: 0 @ExceptionHandler, 1 ResponseBodyAdvice
2024-12-23T16:10:29.059-05:00  INFO 31456 --- [customer_service] [           main] o.s.mock.web.MockServletContext          : Initializing Spring TestDispatcherServlet ''
2024-12-23T16:10:29.059-05:00  INFO 31456 --- [customer_service] [           main] o.s.t.web.servlet.TestDispatcherServlet  : Initializing Servlet ''
2024-12-23T16:10:29.059-05:00  INFO 31456 --- [customer_service] [           main] o.s.t.web.servlet.TestDispatcherServlet  : Completed initialization in 0 ms
2024-12-23T16:10:29.061-05:00 DEBUG 31456 --- [customer_service] [           main] s.w.s.m.m.a.RequestMappingHandlerMapping : Mapped to com.example.customer_service.controller.CustomerController#updateCustomer(Long, Map)
2024-12-23T16:10:29.066-05:00 DEBUG 31456 --- [customer_service] [           main] m.m.a.RequestResponseBodyMethodProcessor : Read "application/json" to [{status=ENABLED}]
2024-12-23T16:10:29.068-05:00 DEBUG 31456 --- [customer_service] [           main] o.s.w.s.m.m.a.HttpEntityMethodProcessor  : Using 'application/json', given [*/*] and supported [application/json, application/*+json]
2024-12-23T16:10:29.069-05:00 DEBUG 31456 --- [customer_service] [           main] o.s.w.s.m.m.a.HttpEntityMethodProcessor  : Writing [{message=Customer not found, status=404}]
Test Passed: PUT non-existent customer returned 404 Not Found.
]]></system-out>
  </testcase>
  <testcase name="createCustomer_shouldReturnConflictWhenPhoneNumberExists" classname="com.example.customer_service.controller.CustomerServiceControllerTest" time="0.156">
    <system-out><![CDATA[2024-12-23T16:10:29.088-05:00 DEBUG 31456 --- [customer_service] [           main] s.w.s.m.m.a.RequestMappingHandlerMapping : 7 mappings in org.springframework.web.servlet.mvc.method.annotation.RequestMappingHandlerMapping
2024-12-23T16:10:29.091-05:00 DEBUG 31456 --- [customer_service] [           main] s.w.s.m.m.a.RequestMappingHandlerAdapter : ControllerAdvice beans: 0 @ModelAttribute, 0 @InitBinder, 1 RequestBodyAdvice, 1 ResponseBodyAdvice
2024-12-23T16:10:29.091-05:00 DEBUG 31456 --- [customer_service] [           main] .m.m.a.ExceptionHandlerExceptionResolver : ControllerAdvice beans: 0 @ExceptionHandler, 1 ResponseBodyAdvice
2024-12-23T16:10:29.092-05:00  INFO 31456 --- [customer_service] [           main] o.s.mock.web.MockServletContext          : Initializing Spring TestDispatcherServlet ''
2024-12-23T16:10:29.092-05:00  INFO 31456 --- [customer_service] [           main] o.s.t.web.servlet.TestDispatcherServlet  : Initializing Servlet ''
2024-12-23T16:10:29.092-05:00  INFO 31456 --- [customer_service] [           main] o.s.t.web.servlet.TestDispatcherServlet  : Completed initialization in 0 ms
2024-12-23T16:10:29.166-05:00 DEBUG 31456 --- [customer_service] [           main] s.w.s.m.m.a.RequestMappingHandlerMapping : Mapped to com.example.customer_service.controller.CustomerController#createCustomer(CustomerDTO)
2024-12-23T16:10:29.227-05:00 DEBUG 31456 --- [customer_service] [           main] m.m.a.RequestResponseBodyMethodProcessor : Read "application/json" to [CustomerDTO(id=null, name=John Doe, industry=IT, companySize=50, email=johndoe@example.com, phoneNum (truncated)...]
2024-12-23T16:10:29.229-05:00 DEBUG 31456 --- [customer_service] [           main] o.s.w.s.m.m.a.HttpEntityMethodProcessor  : Using 'application/json', given [*/*] and supported [application/json, application/*+json]
2024-12-23T16:10:29.229-05:00 DEBUG 31456 --- [customer_service] [           main] o.s.w.s.m.m.a.HttpEntityMethodProcessor  : Writing [{message=Already exists, status=409}]
Test Passed: POST with duplicate phone number returned 409 Conflict.
]]></system-out>
  </testcase>
  <testcase name="updateCustomer_shouldReturnBadRequestWhenPhoneNumberIsNull" classname="com.example.customer_service.controller.CustomerServiceControllerTest" time="0.024">
    <system-out><![CDATA[2024-12-23T16:10:29.241-05:00 DEBUG 31456 --- [customer_service] [           main] s.w.s.m.m.a.RequestMappingHandlerMapping : 7 mappings in org.springframework.web.servlet.mvc.method.annotation.RequestMappingHandlerMapping
2024-12-23T16:10:29.243-05:00 DEBUG 31456 --- [customer_service] [           main] s.w.s.m.m.a.RequestMappingHandlerAdapter : ControllerAdvice beans: 0 @ModelAttribute, 0 @InitBinder, 1 RequestBodyAdvice, 1 ResponseBodyAdvice
2024-12-23T16:10:29.244-05:00 DEBUG 31456 --- [customer_service] [           main] .m.m.a.ExceptionHandlerExceptionResolver : ControllerAdvice beans: 0 @ExceptionHandler, 1 ResponseBodyAdvice
2024-12-23T16:10:29.244-05:00  INFO 31456 --- [customer_service] [           main] o.s.mock.web.MockServletContext          : Initializing Spring TestDispatcherServlet ''
2024-12-23T16:10:29.244-05:00  INFO 31456 --- [customer_service] [           main] o.s.t.web.servlet.TestDispatcherServlet  : Initializing Servlet ''
2024-12-23T16:10:29.245-05:00  INFO 31456 --- [customer_service] [           main] o.s.t.web.servlet.TestDispatcherServlet  : Completed initialization in 0 ms
2024-12-23T16:10:29.249-05:00 DEBUG 31456 --- [customer_service] [           main] s.w.s.m.m.a.RequestMappingHandlerMapping : Mapped to com.example.customer_service.controller.CustomerController#updateCustomer(Long, Map)
2024-12-23T16:10:29.253-05:00 DEBUG 31456 --- [customer_service] [           main] m.m.a.RequestResponseBodyMethodProcessor : Read "application/json" to [{phoneNumber=null}]
2024-12-23T16:10:29.255-05:00 DEBUG 31456 --- [customer_service] [           main] o.s.w.s.m.m.a.HttpEntityMethodProcessor  : Using 'application/json', given [*/*] and supported [application/json, application/*+json]
2024-12-23T16:10:29.255-05:00 DEBUG 31456 --- [customer_service] [           main] o.s.w.s.m.m.a.HttpEntityMethodProcessor  : Writing [{message=Invalid phone number format, status=400}]
Test Passed: PUT with null phoneNumber returned 400 Bad Request.
]]></system-out>
  </testcase>
  <testcase name="createCustomer_shouldReturnForbidden" classname="com.example.customer_service.controller.CustomerServiceControllerTest" time="0.037">
    <system-out><![CDATA[2024-12-23T16:10:29.272-05:00 DEBUG 31456 --- [customer_service] [           main] s.w.s.m.m.a.RequestMappingHandlerMapping : 7 mappings in org.springframework.web.servlet.mvc.method.annotation.RequestMappingHandlerMapping
2024-12-23T16:10:29.274-05:00 DEBUG 31456 --- [customer_service] [           main] s.w.s.m.m.a.RequestMappingHandlerAdapter : ControllerAdvice beans: 0 @ModelAttribute, 0 @InitBinder, 1 RequestBodyAdvice, 1 ResponseBodyAdvice
2024-12-23T16:10:29.275-05:00 DEBUG 31456 --- [customer_service] [           main] .m.m.a.ExceptionHandlerExceptionResolver : ControllerAdvice beans: 0 @ExceptionHandler, 1 ResponseBodyAdvice
2024-12-23T16:10:29.275-05:00  INFO 31456 --- [customer_service] [           main] o.s.mock.web.MockServletContext          : Initializing Spring TestDispatcherServlet ''
2024-12-23T16:10:29.275-05:00  INFO 31456 --- [customer_service] [           main] o.s.t.web.servlet.TestDispatcherServlet  : Initializing Servlet ''
2024-12-23T16:10:29.275-05:00  INFO 31456 --- [customer_service] [           main] o.s.t.web.servlet.TestDispatcherServlet  : Completed initialization in 0 ms
2024-12-23T16:10:29.277-05:00 DEBUG 31456 --- [customer_service] [           main] s.w.s.m.m.a.RequestMappingHandlerMapping : Mapped to com.example.customer_service.controller.CustomerController#createCustomer(CustomerDTO)
2024-12-23T16:10:29.291-05:00 DEBUG 31456 --- [customer_service] [           main] m.m.a.RequestResponseBodyMethodProcessor : Read "application/json" to [CustomerDTO(id=null, name=null, industry=null, companySize=null, email=null, phoneNumber=null, addre (truncated)...]
2024-12-23T16:10:29.292-05:00 DEBUG 31456 --- [customer_service] [           main] o.s.w.s.m.m.a.HttpEntityMethodProcessor  : Using 'application/json', given [*/*] and supported [application/json, application/*+json]
2024-12-23T16:10:29.292-05:00 DEBUG 31456 --- [customer_service] [           main] o.s.w.s.m.m.a.HttpEntityMethodProcessor  : Writing [{message=Forbidden, status=403}]
Test Passed: POST Forbidden scenario tested successfully.
]]></system-out>
  </testcase>
  <testcase name="createCustomer_shouldPassWhenIdIsValid" classname="com.example.customer_service.controller.CustomerServiceControllerTest" time="0.038">
    <system-out><![CDATA[2024-12-23T16:10:29.309-05:00 DEBUG 31456 --- [customer_service] [           main] s.w.s.m.m.a.RequestMappingHandlerMapping : 7 mappings in org.springframework.web.servlet.mvc.method.annotation.RequestMappingHandlerMapping
2024-12-23T16:10:29.311-05:00 DEBUG 31456 --- [customer_service] [           main] s.w.s.m.m.a.RequestMappingHandlerAdapter : ControllerAdvice beans: 0 @ModelAttribute, 0 @InitBinder, 1 RequestBodyAdvice, 1 ResponseBodyAdvice
2024-12-23T16:10:29.312-05:00 DEBUG 31456 --- [customer_service] [           main] .m.m.a.ExceptionHandlerExceptionResolver : ControllerAdvice beans: 0 @ExceptionHandler, 1 ResponseBodyAdvice
2024-12-23T16:10:29.312-05:00  INFO 31456 --- [customer_service] [           main] o.s.mock.web.MockServletContext          : Initializing Spring TestDispatcherServlet ''
2024-12-23T16:10:29.312-05:00  INFO 31456 --- [customer_service] [           main] o.s.t.web.servlet.TestDispatcherServlet  : Initializing Servlet ''
2024-12-23T16:10:29.312-05:00  INFO 31456 --- [customer_service] [           main] o.s.t.web.servlet.TestDispatcherServlet  : Completed initialization in 0 ms
2024-12-23T16:10:29.321-05:00 DEBUG 31456 --- [customer_service] [           main] s.w.s.m.m.a.RequestMappingHandlerMapping : Mapped to com.example.customer_service.controller.CustomerController#createCustomer(CustomerDTO)
2024-12-23T16:10:29.328-05:00 DEBUG 31456 --- [customer_service] [           main] m.m.a.RequestResponseBodyMethodProcessor : Read "application/json" to [CustomerDTO(id=1, name=John Doe, industry=IT, companySize=50, email=johndoe@example.com, phoneNumber (truncated)...]
2024-12-23T16:10:29.330-05:00 DEBUG 31456 --- [customer_service] [           main] o.s.w.s.m.m.a.HttpEntityMethodProcessor  : Using 'application/json', given [*/*] and supported [application/json, application/*+json]
2024-12-23T16:10:29.331-05:00 DEBUG 31456 --- [customer_service] [           main] o.s.w.s.m.m.a.HttpEntityMethodProcessor  : Writing [{message=Customer created successfully, status=201}]
Test Passed: POST with valid ID created customer successfully.
]]></system-out>
  </testcase>
  <testcase name="patchCustomerStatus_shouldReturnInternalServerErrorWhenUpdateFails" classname="com.example.customer_service.controller.CustomerServiceControllerTest" time="0.032">
    <system-out><![CDATA[2024-12-23T16:10:29.349-05:00 DEBUG 31456 --- [customer_service] [           main] s.w.s.m.m.a.RequestMappingHandlerMapping : 7 mappings in org.springframework.web.servlet.mvc.method.annotation.RequestMappingHandlerMapping
2024-12-23T16:10:29.353-05:00 DEBUG 31456 --- [customer_service] [           main] s.w.s.m.m.a.RequestMappingHandlerAdapter : ControllerAdvice beans: 0 @ModelAttribute, 0 @InitBinder, 1 RequestBodyAdvice, 1 ResponseBodyAdvice
2024-12-23T16:10:29.354-05:00 DEBUG 31456 --- [customer_service] [           main] .m.m.a.ExceptionHandlerExceptionResolver : ControllerAdvice beans: 0 @ExceptionHandler, 1 ResponseBodyAdvice
2024-12-23T16:10:29.354-05:00  INFO 31456 --- [customer_service] [           main] o.s.mock.web.MockServletContext          : Initializing Spring TestDispatcherServlet ''
2024-12-23T16:10:29.354-05:00  INFO 31456 --- [customer_service] [           main] o.s.t.web.servlet.TestDispatcherServlet  : Initializing Servlet ''
2024-12-23T16:10:29.354-05:00  INFO 31456 --- [customer_service] [           main] o.s.t.web.servlet.TestDispatcherServlet  : Completed initialization in 0 ms
2024-12-23T16:10:29.358-05:00 DEBUG 31456 --- [customer_service] [           main] s.w.s.m.m.a.RequestMappingHandlerMapping : Mapped to com.example.customer_service.controller.CustomerController#updateCustomerStatus(Long, Map)
2024-12-23T16:10:29.360-05:00 DEBUG 31456 --- [customer_service] [           main] m.m.a.RequestResponseBodyMethodProcessor : Read "application/json" to [{status=enabled}]
2024-12-23T16:10:29.362-05:00 DEBUG 31456 --- [customer_service] [           main] o.s.w.s.m.m.a.HttpEntityMethodProcessor  : Using 'application/json', given [*/*] and supported [application/json, application/*+json]
2024-12-23T16:10:29.362-05:00 DEBUG 31456 --- [customer_service] [           main] o.s.w.s.m.m.a.HttpEntityMethodProcessor  : Writing [{message=Failed to update customer status, status=500}]
Test Passed: PATCH failed to update customer status and returned 500.
]]></system-out>
  </testcase>
  <testcase name="patchCustomerStatus_shouldReturnBadRequestWhenStatusFieldIsMissing" classname="com.example.customer_service.controller.CustomerServiceControllerTest" time="0.035">
    <system-out><![CDATA[2024-12-23T16:10:29.383-05:00 DEBUG 31456 --- [customer_service] [           main] s.w.s.m.m.a.RequestMappingHandlerMapping : 7 mappings in org.springframework.web.servlet.mvc.method.annotation.RequestMappingHandlerMapping
2024-12-23T16:10:29.387-05:00 DEBUG 31456 --- [customer_service] [           main] s.w.s.m.m.a.RequestMappingHandlerAdapter : ControllerAdvice beans: 0 @ModelAttribute, 0 @InitBinder, 1 RequestBodyAdvice, 1 ResponseBodyAdvice
2024-12-23T16:10:29.389-05:00 DEBUG 31456 --- [customer_service] [           main] .m.m.a.ExceptionHandlerExceptionResolver : ControllerAdvice beans: 0 @ExceptionHandler, 1 ResponseBodyAdvice
2024-12-23T16:10:29.389-05:00  INFO 31456 --- [customer_service] [           main] o.s.mock.web.MockServletContext          : Initializing Spring TestDispatcherServlet ''
2024-12-23T16:10:29.390-05:00  INFO 31456 --- [customer_service] [           main] o.s.t.web.servlet.TestDispatcherServlet  : Initializing Servlet ''
2024-12-23T16:10:29.390-05:00  INFO 31456 --- [customer_service] [           main] o.s.t.web.servlet.TestDispatcherServlet  : Completed initialization in 0 ms
2024-12-23T16:10:29.394-05:00 DEBUG 31456 --- [customer_service] [           main] s.w.s.m.m.a.RequestMappingHandlerMapping : Mapped to com.example.customer_service.controller.CustomerController#updateCustomerStatus(Long, Map)
2024-12-23T16:10:29.398-05:00 DEBUG 31456 --- [customer_service] [           main] m.m.a.RequestResponseBodyMethodProcessor : Read "application/json" to [{name=John Doe}]
2024-12-23T16:10:29.400-05:00 DEBUG 31456 --- [customer_service] [           main] o.s.w.s.m.m.a.HttpEntityMethodProcessor  : Using 'application/json', given [*/*] and supported [application/json, application/*+json]
2024-12-23T16:10:29.400-05:00 DEBUG 31456 --- [customer_service] [           main] o.s.w.s.m.m.a.HttpEntityMethodProcessor  : Writing [{message=Status field is required, status=400}]
Test Passed: PATCH missing 'status' field returned 400 Bad Request.
]]></system-out>
  </testcase>
  <testcase name="searchCustomers_shouldReturnBadRequestForInvalidPage" classname="com.example.customer_service.controller.CustomerServiceControllerTest" time="0.042">
    <system-out><![CDATA[2024-12-23T16:10:29.412-05:00 DEBUG 31456 --- [customer_service] [           main] s.w.s.m.m.a.RequestMappingHandlerMapping : 7 mappings in org.springframework.web.servlet.mvc.method.annotation.RequestMappingHandlerMapping
2024-12-23T16:10:29.414-05:00 DEBUG 31456 --- [customer_service] [           main] s.w.s.m.m.a.RequestMappingHandlerAdapter : ControllerAdvice beans: 0 @ModelAttribute, 0 @InitBinder, 1 RequestBodyAdvice, 1 ResponseBodyAdvice
2024-12-23T16:10:29.415-05:00 DEBUG 31456 --- [customer_service] [           main] .m.m.a.ExceptionHandlerExceptionResolver : ControllerAdvice beans: 0 @ExceptionHandler, 1 ResponseBodyAdvice
2024-12-23T16:10:29.416-05:00  INFO 31456 --- [customer_service] [           main] o.s.mock.web.MockServletContext          : Initializing Spring TestDispatcherServlet ''
2024-12-23T16:10:29.416-05:00  INFO 31456 --- [customer_service] [           main] o.s.t.web.servlet.TestDispatcherServlet  : Initializing Servlet ''
2024-12-23T16:10:29.416-05:00  INFO 31456 --- [customer_service] [           main] o.s.t.web.servlet.TestDispatcherServlet  : Completed initialization in 0 ms
2024-12-23T16:10:29.417-05:00 DEBUG 31456 --- [customer_service] [           main] s.w.s.m.m.a.RequestMappingHandlerMapping : Mapped to com.example.customer_service.controller.CustomerController#searchCustomers(SearchCriteria)
2024-12-23T16:10:29.438-05:00 DEBUG 31456 --- [customer_service] [           main] o.s.w.s.m.m.a.HttpEntityMethodProcessor  : Using 'application/json', given [*/*] and supported [application/json, application/*+json]
2024-12-23T16:10:29.440-05:00 DEBUG 31456 --- [customer_service] [           main] o.s.w.s.m.m.a.HttpEntityMethodProcessor  : Writing [{message=Invalid search parameter, status=400}]
Test Passed: Search endpoint returned 400 Bad Request for invalid page.
]]></system-out>
  </testcase>
  <testcase name="searchCustomers_shouldReturnInternalServerErrorForException" classname="com.example.customer_service.controller.CustomerServiceControllerTest" time="0.032">
    <system-out><![CDATA[2024-12-23T16:10:29.462-05:00 DEBUG 31456 --- [customer_service] [           main] s.w.s.m.m.a.RequestMappingHandlerMapping : 7 mappings in org.springframework.web.servlet.mvc.method.annotation.RequestMappingHandlerMapping
2024-12-23T16:10:29.466-05:00 DEBUG 31456 --- [customer_service] [           main] s.w.s.m.m.a.RequestMappingHandlerAdapter : ControllerAdvice beans: 0 @ModelAttribute, 0 @InitBinder, 1 RequestBodyAdvice, 1 ResponseBodyAdvice
2024-12-23T16:10:29.467-05:00 DEBUG 31456 --- [customer_service] [           main] .m.m.a.ExceptionHandlerExceptionResolver : ControllerAdvice beans: 0 @ExceptionHandler, 1 ResponseBodyAdvice
2024-12-23T16:10:29.468-05:00  INFO 31456 --- [customer_service] [           main] o.s.mock.web.MockServletContext          : Initializing Spring TestDispatcherServlet ''
2024-12-23T16:10:29.468-05:00  INFO 31456 --- [customer_service] [           main] o.s.t.web.servlet.TestDispatcherServlet  : Initializing Servlet ''
2024-12-23T16:10:29.469-05:00  INFO 31456 --- [customer_service] [           main] o.s.t.web.servlet.TestDispatcherServlet  : Completed initialization in 1 ms
2024-12-23T16:10:29.471-05:00 DEBUG 31456 --- [customer_service] [           main] s.w.s.m.m.a.RequestMappingHandlerMapping : Mapped to com.example.customer_service.controller.CustomerController#searchCustomers(SearchCriteria)
2024-12-23T16:10:29.475-05:00 DEBUG 31456 --- [customer_service] [           main] o.s.w.s.m.m.a.HttpEntityMethodProcessor  : Using 'application/json', given [*/*] and supported [application/json, application/*+json]
2024-12-23T16:10:29.476-05:00 DEBUG 31456 --- [customer_service] [           main] o.s.w.s.m.m.a.HttpEntityMethodProcessor  : Writing [{message=Failed to search customers, status=500}]
Test Passed: Search endpoint returned 500 Internal Server Error for Exception.
]]></system-out>
  </testcase>
  <testcase name="searchCustomers_shouldReturnForbiddenWhenPermissionDenied" classname="com.example.customer_service.controller.CustomerServiceControllerTest" time="0.018">
    <system-out><![CDATA[2024-12-23T16:10:29.490-05:00 DEBUG 31456 --- [customer_service] [           main] s.w.s.m.m.a.RequestMappingHandlerMapping : 7 mappings in org.springframework.web.servlet.mvc.method.annotation.RequestMappingHandlerMapping
2024-12-23T16:10:29.492-05:00 DEBUG 31456 --- [customer_service] [           main] s.w.s.m.m.a.RequestMappingHandlerAdapter : ControllerAdvice beans: 0 @ModelAttribute, 0 @InitBinder, 1 RequestBodyAdvice, 1 ResponseBodyAdvice
2024-12-23T16:10:29.492-05:00 DEBUG 31456 --- [customer_service] [           main] .m.m.a.ExceptionHandlerExceptionResolver : ControllerAdvice beans: 0 @ExceptionHandler, 1 ResponseBodyAdvice
2024-12-23T16:10:29.493-05:00  INFO 31456 --- [customer_service] [           main] o.s.mock.web.MockServletContext          : Initializing Spring TestDispatcherServlet ''
2024-12-23T16:10:29.493-05:00  INFO 31456 --- [customer_service] [           main] o.s.t.web.servlet.TestDispatcherServlet  : Initializing Servlet ''
2024-12-23T16:10:29.493-05:00  INFO 31456 --- [customer_service] [           main] o.s.t.web.servlet.TestDispatcherServlet  : Completed initialization in 0 ms
2024-12-23T16:10:29.495-05:00 DEBUG 31456 --- [customer_service] [           main] s.w.s.m.m.a.RequestMappingHandlerMapping : Mapped to com.example.customer_service.controller.CustomerController#searchCustomers(SearchCriteria)
2024-12-23T16:10:29.497-05:00 DEBUG 31456 --- [customer_service] [           main] o.s.w.s.m.m.a.HttpEntityMethodProcessor  : Using 'application/json', given [*/*] and supported [application/json, application/*+json]
2024-12-23T16:10:29.498-05:00 DEBUG 31456 --- [customer_service] [           main] o.s.w.s.m.m.a.HttpEntityMethodProcessor  : Writing [{message=Forbidden, status=403}]
Test Passed: Search endpoint returned 403 Forbidden due to lack of permissions.
]]></system-out>
  </testcase>
  <testcase name="searchCustomers_shouldReturnResultsForValidCriteria" classname="com.example.customer_service.controller.CustomerServiceControllerTest" time="0.04">
    <system-out><![CDATA[2024-12-23T16:10:29.505-05:00 DEBUG 31456 --- [customer_service] [           main] s.w.s.m.m.a.RequestMappingHandlerMapping : 7 mappings in org.springframework.web.servlet.mvc.method.annotation.RequestMappingHandlerMapping
2024-12-23T16:10:29.507-05:00 DEBUG 31456 --- [customer_service] [           main] s.w.s.m.m.a.RequestMappingHandlerAdapter : ControllerAdvice beans: 0 @ModelAttribute, 0 @InitBinder, 1 RequestBodyAdvice, 1 ResponseBodyAdvice
2024-12-23T16:10:29.508-05:00 DEBUG 31456 --- [customer_service] [           main] .m.m.a.ExceptionHandlerExceptionResolver : ControllerAdvice beans: 0 @ExceptionHandler, 1 ResponseBodyAdvice
2024-12-23T16:10:29.508-05:00  INFO 31456 --- [customer_service] [           main] o.s.mock.web.MockServletContext          : Initializing Spring TestDispatcherServlet ''
2024-12-23T16:10:29.508-05:00  INFO 31456 --- [customer_service] [           main] o.s.t.web.servlet.TestDispatcherServlet  : Initializing Servlet ''
2024-12-23T16:10:29.508-05:00  INFO 31456 --- [customer_service] [           main] o.s.t.web.servlet.TestDispatcherServlet  : Completed initialization in 0 ms
2024-12-23T16:10:29.510-05:00 DEBUG 31456 --- [customer_service] [           main] s.w.s.m.m.a.RequestMappingHandlerMapping : Mapped to com.example.customer_service.controller.CustomerController#searchCustomers(SearchCriteria)
2024-12-23T16:10:29.513-05:00 DEBUG 31456 --- [customer_service] [           main] o.s.w.s.m.m.a.HttpEntityMethodProcessor  : Using 'application/json', given [*/*] and supported [application/json, application/*+json]
2024-12-23T16:10:29.515-05:00 DEBUG 31456 --- [customer_service] [           main] o.s.w.s.m.m.a.HttpEntityMethodProcessor  : Writing [{customers=[Customer(id=null, name=null, industry=null, companySize=null, email=null, phoneNumber=nu (truncated)...]
Test Passed: Valid search criteria returned results.
]]></system-out>
  </testcase>
  <testcase name="patchCustomerStatus_shouldReturnOkWhenStatusIsDisabled" classname="com.example.customer_service.controller.CustomerServiceControllerTest" time="0.021">
    <system-out><![CDATA[2024-12-23T16:10:29.550-05:00 DEBUG 31456 --- [customer_service] [           main] s.w.s.m.m.a.RequestMappingHandlerMapping : 7 mappings in org.springframework.web.servlet.mvc.method.annotation.RequestMappingHandlerMapping
2024-12-23T16:10:29.552-05:00 DEBUG 31456 --- [customer_service] [           main] s.w.s.m.m.a.RequestMappingHandlerAdapter : ControllerAdvice beans: 0 @ModelAttribute, 0 @InitBinder, 1 RequestBodyAdvice, 1 ResponseBodyAdvice
2024-12-23T16:10:29.552-05:00 DEBUG 31456 --- [customer_service] [           main] .m.m.a.ExceptionHandlerExceptionResolver : ControllerAdvice beans: 0 @ExceptionHandler, 1 ResponseBodyAdvice
2024-12-23T16:10:29.553-05:00  INFO 31456 --- [customer_service] [           main] o.s.mock.web.MockServletContext          : Initializing Spring TestDispatcherServlet ''
2024-12-23T16:10:29.553-05:00  INFO 31456 --- [customer_service] [           main] o.s.t.web.servlet.TestDispatcherServlet  : Initializing Servlet ''
2024-12-23T16:10:29.553-05:00  INFO 31456 --- [customer_service] [           main] o.s.t.web.servlet.TestDispatcherServlet  : Completed initialization in 0 ms
2024-12-23T16:10:29.556-05:00 DEBUG 31456 --- [customer_service] [           main] s.w.s.m.m.a.RequestMappingHandlerMapping : Mapped to com.example.customer_service.controller.CustomerController#updateCustomerStatus(Long, Map)
2024-12-23T16:10:29.558-05:00 DEBUG 31456 --- [customer_service] [           main] m.m.a.RequestResponseBodyMethodProcessor : Read "application/json" to [{status=disabled}]
2024-12-23T16:10:29.561-05:00 DEBUG 31456 --- [customer_service] [           main] o.s.w.s.m.m.a.HttpEntityMethodProcessor  : Using 'application/json', given [*/*] and supported [application/json, application/*+json]
2024-12-23T16:10:29.561-05:00 DEBUG 31456 --- [customer_service] [           main] o.s.w.s.m.m.a.HttpEntityMethodProcessor  : Writing [{message=Customer status updated successfully, status=200}]
Test Passed: PATCH with valid 'disabled' status returned 200 OK.
]]></system-out>
  </testcase>
  <testcase name="createCustomer_shouldSkipIdCheckWhenIdIsNull" classname="com.example.customer_service.controller.CustomerServiceControllerTest" time="0.022">
    <system-out><![CDATA[2024-12-23T16:10:29.574-05:00 DEBUG 31456 --- [customer_service] [           main] s.w.s.m.m.a.RequestMappingHandlerMapping : 7 mappings in org.springframework.web.servlet.mvc.method.annotation.RequestMappingHandlerMapping
2024-12-23T16:10:29.576-05:00 DEBUG 31456 --- [customer_service] [           main] s.w.s.m.m.a.RequestMappingHandlerAdapter : ControllerAdvice beans: 0 @ModelAttribute, 0 @InitBinder, 1 RequestBodyAdvice, 1 ResponseBodyAdvice
2024-12-23T16:10:29.577-05:00 DEBUG 31456 --- [customer_service] [           main] .m.m.a.ExceptionHandlerExceptionResolver : ControllerAdvice beans: 0 @ExceptionHandler, 1 ResponseBodyAdvice
2024-12-23T16:10:29.577-05:00  INFO 31456 --- [customer_service] [           main] o.s.mock.web.MockServletContext          : Initializing Spring TestDispatcherServlet ''
2024-12-23T16:10:29.577-05:00  INFO 31456 --- [customer_service] [           main] o.s.t.web.servlet.TestDispatcherServlet  : Initializing Servlet ''
2024-12-23T16:10:29.577-05:00  INFO 31456 --- [customer_service] [           main] o.s.t.web.servlet.TestDispatcherServlet  : Completed initialization in 0 ms
2024-12-23T16:10:29.580-05:00 DEBUG 31456 --- [customer_service] [           main] s.w.s.m.m.a.RequestMappingHandlerMapping : Mapped to com.example.customer_service.controller.CustomerController#createCustomer(CustomerDTO)
2024-12-23T16:10:29.582-05:00 DEBUG 31456 --- [customer_service] [           main] m.m.a.RequestResponseBodyMethodProcessor : Read "application/json" to [CustomerDTO(id=null, name=John Doe, industry=IT, companySize=50, email=johndoe@example.com, phoneNum (truncated)...]
2024-12-23T16:10:29.583-05:00 DEBUG 31456 --- [customer_service] [           main] o.s.w.s.m.m.a.HttpEntityMethodProcessor  : Using 'application/json', given [*/*] and supported [application/json, application/*+json]
2024-12-23T16:10:29.584-05:00 DEBUG 31456 --- [customer_service] [           main] o.s.w.s.m.m.a.HttpEntityMethodProcessor  : Writing [{message=Customer created successfully, status=201}]
Test Passed: POST with null ID created customer successfully.
]]></system-out>
  </testcase>
  <testcase name="createCustomer_shouldReturnConflictWhenEmailExists" classname="com.example.customer_service.controller.CustomerServiceControllerTest" time="0.032">
    <system-out><![CDATA[2024-12-23T16:10:29.599-05:00 DEBUG 31456 --- [customer_service] [           main] s.w.s.m.m.a.RequestMappingHandlerMapping : 7 mappings in org.springframework.web.servlet.mvc.method.annotation.RequestMappingHandlerMapping
2024-12-23T16:10:29.602-05:00 DEBUG 31456 --- [customer_service] [           main] s.w.s.m.m.a.RequestMappingHandlerAdapter : ControllerAdvice beans: 0 @ModelAttribute, 0 @InitBinder, 1 RequestBodyAdvice, 1 ResponseBodyAdvice
2024-12-23T16:10:29.604-05:00 DEBUG 31456 --- [customer_service] [           main] .m.m.a.ExceptionHandlerExceptionResolver : ControllerAdvice beans: 0 @ExceptionHandler, 1 ResponseBodyAdvice
2024-12-23T16:10:29.604-05:00  INFO 31456 --- [customer_service] [           main] o.s.mock.web.MockServletContext          : Initializing Spring TestDispatcherServlet ''
2024-12-23T16:10:29.605-05:00  INFO 31456 --- [customer_service] [           main] o.s.t.web.servlet.TestDispatcherServlet  : Initializing Servlet ''
2024-12-23T16:10:29.605-05:00  INFO 31456 --- [customer_service] [           main] o.s.t.web.servlet.TestDispatcherServlet  : Completed initialization in 0 ms
2024-12-23T16:10:29.610-05:00 DEBUG 31456 --- [customer_service] [           main] s.w.s.m.m.a.RequestMappingHandlerMapping : Mapped to com.example.customer_service.controller.CustomerController#createCustomer(CustomerDTO)
2024-12-23T16:10:29.614-05:00 DEBUG 31456 --- [customer_service] [           main] m.m.a.RequestResponseBodyMethodProcessor : Read "application/json" to [CustomerDTO(id=null, name=John Doe, industry=IT, companySize=50, email=johndoe@example.com, phoneNum (truncated)...]
2024-12-23T16:10:29.615-05:00 DEBUG 31456 --- [customer_service] [           main] o.s.w.s.m.m.a.HttpEntityMethodProcessor  : Using 'application/json', given [*/*] and supported [application/json, application/*+json]
2024-12-23T16:10:29.616-05:00 DEBUG 31456 --- [customer_service] [           main] o.s.w.s.m.m.a.HttpEntityMethodProcessor  : Writing [{message=Already exists, status=409}]
Test Passed: POST with duplicate email returned 409 Conflict.
]]></system-out>
  </testcase>
  <testcase name="getCustomerById_shouldReturnCustomer" classname="com.example.customer_service.controller.CustomerServiceControllerTest" time="0.024">
    <system-out><![CDATA[2024-12-23T16:10:29.627-05:00 DEBUG 31456 --- [customer_service] [           main] s.w.s.m.m.a.RequestMappingHandlerMapping : 7 mappings in org.springframework.web.servlet.mvc.method.annotation.RequestMappingHandlerMapping
2024-12-23T16:10:29.628-05:00 DEBUG 31456 --- [customer_service] [           main] s.w.s.m.m.a.RequestMappingHandlerAdapter : ControllerAdvice beans: 0 @ModelAttribute, 0 @InitBinder, 1 RequestBodyAdvice, 1 ResponseBodyAdvice
2024-12-23T16:10:29.629-05:00 DEBUG 31456 --- [customer_service] [           main] .m.m.a.ExceptionHandlerExceptionResolver : ControllerAdvice beans: 0 @ExceptionHandler, 1 ResponseBodyAdvice
2024-12-23T16:10:29.629-05:00  INFO 31456 --- [customer_service] [           main] o.s.mock.web.MockServletContext          : Initializing Spring TestDispatcherServlet ''
2024-12-23T16:10:29.629-05:00  INFO 31456 --- [customer_service] [           main] o.s.t.web.servlet.TestDispatcherServlet  : Initializing Servlet ''
2024-12-23T16:10:29.629-05:00  INFO 31456 --- [customer_service] [           main] o.s.t.web.servlet.TestDispatcherServlet  : Completed initialization in 0 ms
2024-12-23T16:10:29.630-05:00 DEBUG 31456 --- [customer_service] [           main] s.w.s.m.m.a.RequestMappingHandlerMapping : Mapped to com.example.customer_service.controller.CustomerController#getCustomerById(Long)
2024-12-23T16:10:29.632-05:00 DEBUG 31456 --- [customer_service] [           main] o.s.w.s.m.m.a.HttpEntityMethodProcessor  : Using 'application/json', given [*/*] and supported [application/json, application/*+json]
2024-12-23T16:10:29.632-05:00 DEBUG 31456 --- [customer_service] [           main] o.s.w.s.m.m.a.HttpEntityMethodProcessor  : Writing [{customer=Customer(id=1, name=John Doe, industry=IT, companySize=50, email=johndoe@example.com, phon (truncated)...]
Test Passed: GET Customer by ID returned successfully.
]]></system-out>
  </testcase>
  <testcase name="updateCustomer_shouldReturnBadRequestWhenPhoneNumberIsEmpty" classname="com.example.customer_service.controller.CustomerServiceControllerTest" time="0.02">
    <system-out><![CDATA[2024-12-23T16:10:29.651-05:00 DEBUG 31456 --- [customer_service] [           main] s.w.s.m.m.a.RequestMappingHandlerMapping : 7 mappings in org.springframework.web.servlet.mvc.method.annotation.RequestMappingHandlerMapping
2024-12-23T16:10:29.653-05:00 DEBUG 31456 --- [customer_service] [           main] s.w.s.m.m.a.RequestMappingHandlerAdapter : ControllerAdvice beans: 0 @ModelAttribute, 0 @InitBinder, 1 RequestBodyAdvice, 1 ResponseBodyAdvice
2024-12-23T16:10:29.654-05:00 DEBUG 31456 --- [customer_service] [           main] .m.m.a.ExceptionHandlerExceptionResolver : ControllerAdvice beans: 0 @ExceptionHandler, 1 ResponseBodyAdvice
2024-12-23T16:10:29.654-05:00  INFO 31456 --- [customer_service] [           main] o.s.mock.web.MockServletContext          : Initializing Spring TestDispatcherServlet ''
2024-12-23T16:10:29.654-05:00  INFO 31456 --- [customer_service] [           main] o.s.t.web.servlet.TestDispatcherServlet  : Initializing Servlet ''
2024-12-23T16:10:29.655-05:00  INFO 31456 --- [customer_service] [           main] o.s.t.web.servlet.TestDispatcherServlet  : Completed initialization in 1 ms
2024-12-23T16:10:29.658-05:00 DEBUG 31456 --- [customer_service] [           main] s.w.s.m.m.a.RequestMappingHandlerMapping : Mapped to com.example.customer_service.controller.CustomerController#updateCustomer(Long, Map)
2024-12-23T16:10:29.660-05:00 DEBUG 31456 --- [customer_service] [           main] m.m.a.RequestResponseBodyMethodProcessor : Read "application/json" to [{phoneNumber=}]
2024-12-23T16:10:29.661-05:00 DEBUG 31456 --- [customer_service] [           main] o.s.w.s.m.m.a.HttpEntityMethodProcessor  : Using 'application/json', given [*/*] and supported [application/json, application/*+json]
2024-12-23T16:10:29.662-05:00 DEBUG 31456 --- [customer_service] [           main] o.s.w.s.m.m.a.HttpEntityMethodProcessor  : Writing [{message=Invalid phone number format, status=400}]
Test Passed: PUT with empty phoneNumber returned 400 Bad Request.
]]></system-out>
  </testcase>
  <testcase name="patchCustomerStatus_shouldReturnOkWhenStatusIsEnabled" classname="com.example.customer_service.controller.CustomerServiceControllerTest" time="0.019">
    <system-out><![CDATA[2024-12-23T16:10:29.672-05:00 DEBUG 31456 --- [customer_service] [           main] s.w.s.m.m.a.RequestMappingHandlerMapping : 7 mappings in org.springframework.web.servlet.mvc.method.annotation.RequestMappingHandlerMapping
2024-12-23T16:10:29.673-05:00 DEBUG 31456 --- [customer_service] [           main] s.w.s.m.m.a.RequestMappingHandlerAdapter : ControllerAdvice beans: 0 @ModelAttribute, 0 @InitBinder, 1 RequestBodyAdvice, 1 ResponseBodyAdvice
2024-12-23T16:10:29.674-05:00 DEBUG 31456 --- [customer_service] [           main] .m.m.a.ExceptionHandlerExceptionResolver : ControllerAdvice beans: 0 @ExceptionHandler, 1 ResponseBodyAdvice
2024-12-23T16:10:29.674-05:00  INFO 31456 --- [customer_service] [           main] o.s.mock.web.MockServletContext          : Initializing Spring TestDispatcherServlet ''
2024-12-23T16:10:29.674-05:00  INFO 31456 --- [customer_service] [           main] o.s.t.web.servlet.TestDispatcherServlet  : Initializing Servlet ''
2024-12-23T16:10:29.674-05:00  INFO 31456 --- [customer_service] [           main] o.s.t.web.servlet.TestDispatcherServlet  : Completed initialization in 0 ms
2024-12-23T16:10:29.676-05:00 DEBUG 31456 --- [customer_service] [           main] s.w.s.m.m.a.RequestMappingHandlerMapping : Mapped to com.example.customer_service.controller.CustomerController#updateCustomerStatus(Long, Map)
2024-12-23T16:10:29.677-05:00 DEBUG 31456 --- [customer_service] [           main] m.m.a.RequestResponseBodyMethodProcessor : Read "application/json" to [{status=enabled}]
2024-12-23T16:10:29.679-05:00 DEBUG 31456 --- [customer_service] [           main] o.s.w.s.m.m.a.HttpEntityMethodProcessor  : Using 'application/json', given [*/*] and supported [application/json, application/*+json]
2024-12-23T16:10:29.680-05:00 DEBUG 31456 --- [customer_service] [           main] o.s.w.s.m.m.a.HttpEntityMethodProcessor  : Writing [{message=Customer status updated successfully, status=200}]
Test Passed: PATCH with valid 'enabled' status returned 200 OK.
]]></system-out>
  </testcase>
  <testcase name="updateCustomer_shouldReturnBadRequestWhenPhoneNumberIsInvalid" classname="com.example.customer_service.controller.CustomerServiceControllerTest" time="0.023">
    <system-out><![CDATA[2024-12-23T16:10:29.695-05:00 DEBUG 31456 --- [customer_service] [           main] s.w.s.m.m.a.RequestMappingHandlerMapping : 7 mappings in org.springframework.web.servlet.mvc.method.annotation.RequestMappingHandlerMapping
2024-12-23T16:10:29.699-05:00 DEBUG 31456 --- [customer_service] [           main] s.w.s.m.m.a.RequestMappingHandlerAdapter : ControllerAdvice beans: 0 @ModelAttribute, 0 @InitBinder, 1 RequestBodyAdvice, 1 ResponseBodyAdvice
2024-12-23T16:10:29.699-05:00 DEBUG 31456 --- [customer_service] [           main] .m.m.a.ExceptionHandlerExceptionResolver : ControllerAdvice beans: 0 @ExceptionHandler, 1 ResponseBodyAdvice
2024-12-23T16:10:29.700-05:00  INFO 31456 --- [customer_service] [           main] o.s.mock.web.MockServletContext          : Initializing Spring TestDispatcherServlet ''
2024-12-23T16:10:29.700-05:00  INFO 31456 --- [customer_service] [           main] o.s.t.web.servlet.TestDispatcherServlet  : Initializing Servlet ''
2024-12-23T16:10:29.701-05:00  INFO 31456 --- [customer_service] [           main] o.s.t.web.servlet.TestDispatcherServlet  : Completed initialization in 1 ms
2024-12-23T16:10:29.703-05:00 DEBUG 31456 --- [customer_service] [           main] s.w.s.m.m.a.RequestMappingHandlerMapping : Mapped to com.example.customer_service.controller.CustomerController#updateCustomer(Long, Map)
2024-12-23T16:10:29.705-05:00 DEBUG 31456 --- [customer_service] [           main] m.m.a.RequestResponseBodyMethodProcessor : Read "application/json" to [{phoneNumber=12345abcde}]
2024-12-23T16:10:29.706-05:00 DEBUG 31456 --- [customer_service] [           main] o.s.w.s.m.m.a.HttpEntityMethodProcessor  : Using 'application/json', given [*/*] and supported [application/json, application/*+json]
2024-12-23T16:10:29.707-05:00 DEBUG 31456 --- [customer_service] [           main] o.s.w.s.m.m.a.HttpEntityMethodProcessor  : Writing [{message=Invalid phone number format, status=400}]
Test Passed: PUT with invalid phoneNumber returned 400 Bad Request.
]]></system-out>
  </testcase>
  <testcase name="createCustomer_shouldReturnBadRequestWhenPhoneNumberIsInvalid" classname="com.example.customer_service.controller.CustomerServiceControllerTest" time="0.023">
    <system-out><![CDATA[2024-12-23T16:10:29.717-05:00 DEBUG 31456 --- [customer_service] [           main] s.w.s.m.m.a.RequestMappingHandlerMapping : 7 mappings in org.springframework.web.servlet.mvc.method.annotation.RequestMappingHandlerMapping
2024-12-23T16:10:29.720-05:00 DEBUG 31456 --- [customer_service] [           main] s.w.s.m.m.a.RequestMappingHandlerAdapter : ControllerAdvice beans: 0 @ModelAttribute, 0 @InitBinder, 1 RequestBodyAdvice, 1 ResponseBodyAdvice
2024-12-23T16:10:29.720-05:00 DEBUG 31456 --- [customer_service] [           main] .m.m.a.ExceptionHandlerExceptionResolver : ControllerAdvice beans: 0 @ExceptionHandler, 1 ResponseBodyAdvice
2024-12-23T16:10:29.720-05:00  INFO 31456 --- [customer_service] [           main] o.s.mock.web.MockServletContext          : Initializing Spring TestDispatcherServlet ''
2024-12-23T16:10:29.721-05:00  INFO 31456 --- [customer_service] [           main] o.s.t.web.servlet.TestDispatcherServlet  : Initializing Servlet ''
2024-12-23T16:10:29.721-05:00  INFO 31456 --- [customer_service] [           main] o.s.t.web.servlet.TestDispatcherServlet  : Completed initialization in 0 ms
2024-12-23T16:10:29.724-05:00 DEBUG 31456 --- [customer_service] [           main] s.w.s.m.m.a.RequestMappingHandlerMapping : Mapped to com.example.customer_service.controller.CustomerController#createCustomer(CustomerDTO)
2024-12-23T16:10:29.727-05:00 DEBUG 31456 --- [customer_service] [           main] m.m.a.RequestResponseBodyMethodProcessor : Read "application/json" to [CustomerDTO(id=null, name=John Doe, industry=IT, companySize=50, email=johndoe@example.com, phoneNum (truncated)...]
2024-12-23T16:10:29.729-05:00 DEBUG 31456 --- [customer_service] [           main] o.s.w.s.m.m.a.HttpEntityMethodProcessor  : Using 'application/json', given [*/*] and supported [application/json, application/*+json]
2024-12-23T16:10:29.729-05:00 DEBUG 31456 --- [customer_service] [           main] o.s.w.s.m.m.a.HttpEntityMethodProcessor  : Writing [{message=Invalid phone number format, status=400}]
Test Passed: POST with invalid phone number format returned 400 Bad Request.
]]></system-out>
  </testcase>
  <testcase name="createCustomer_shouldReturnBadRequestWhenPhoneNumberIsEmpty" classname="com.example.customer_service.controller.CustomerServiceControllerTest" time="0.023">
    <system-out><![CDATA[2024-12-23T16:10:29.741-05:00 DEBUG 31456 --- [customer_service] [           main] s.w.s.m.m.a.RequestMappingHandlerMapping : 7 mappings in org.springframework.web.servlet.mvc.method.annotation.RequestMappingHandlerMapping
2024-12-23T16:10:29.744-05:00 DEBUG 31456 --- [customer_service] [           main] s.w.s.m.m.a.RequestMappingHandlerAdapter : ControllerAdvice beans: 0 @ModelAttribute, 0 @InitBinder, 1 RequestBodyAdvice, 1 ResponseBodyAdvice
2024-12-23T16:10:29.746-05:00 DEBUG 31456 --- [customer_service] [           main] .m.m.a.ExceptionHandlerExceptionResolver : ControllerAdvice beans: 0 @ExceptionHandler, 1 ResponseBodyAdvice
2024-12-23T16:10:29.746-05:00  INFO 31456 --- [customer_service] [           main] o.s.mock.web.MockServletContext          : Initializing Spring TestDispatcherServlet ''
2024-12-23T16:10:29.746-05:00  INFO 31456 --- [customer_service] [           main] o.s.t.web.servlet.TestDispatcherServlet  : Initializing Servlet ''
2024-12-23T16:10:29.746-05:00  INFO 31456 --- [customer_service] [           main] o.s.t.web.servlet.TestDispatcherServlet  : Completed initialization in 0 ms
2024-12-23T16:10:29.751-05:00 DEBUG 31456 --- [customer_service] [           main] s.w.s.m.m.a.RequestMappingHandlerMapping : Mapped to com.example.customer_service.controller.CustomerController#createCustomer(CustomerDTO)
2024-12-23T16:10:29.752-05:00 DEBUG 31456 --- [customer_service] [           main] m.m.a.RequestResponseBodyMethodProcessor : Read "application/json" to [CustomerDTO(id=null, name=John Doe, industry=IT, companySize=50, email=johndoe@example.com, phoneNum (truncated)...]
2024-12-23T16:10:29.754-05:00 DEBUG 31456 --- [customer_service] [           main] o.s.w.s.m.m.a.HttpEntityMethodProcessor  : Using 'application/json', given [*/*] and supported [application/json, application/*+json]
2024-12-23T16:10:29.754-05:00 DEBUG 31456 --- [customer_service] [           main] o.s.w.s.m.m.a.HttpEntityMethodProcessor  : Writing [{message=Invalid phone number format, status=400}]
Test Passed: POST with empty phone number returned 400 Bad Request.
]]></system-out>
  </testcase>
  <testcase name="createCustomer_shouldReturnBadRequestWhenPhoneNumberIsNull" classname="com.example.customer_service.controller.CustomerServiceControllerTest" time="0.023">
    <system-out><![CDATA[2024-12-23T16:10:29.767-05:00 DEBUG 31456 --- [customer_service] [           main] s.w.s.m.m.a.RequestMappingHandlerMapping : 7 mappings in org.springframework.web.servlet.mvc.method.annotation.RequestMappingHandlerMapping
2024-12-23T16:10:29.769-05:00 DEBUG 31456 --- [customer_service] [           main] s.w.s.m.m.a.RequestMappingHandlerAdapter : ControllerAdvice beans: 0 @ModelAttribute, 0 @InitBinder, 1 RequestBodyAdvice, 1 ResponseBodyAdvice
2024-12-23T16:10:29.770-05:00 DEBUG 31456 --- [customer_service] [           main] .m.m.a.ExceptionHandlerExceptionResolver : ControllerAdvice beans: 0 @ExceptionHandler, 1 ResponseBodyAdvice
2024-12-23T16:10:29.770-05:00  INFO 31456 --- [customer_service] [           main] o.s.mock.web.MockServletContext          : Initializing Spring TestDispatcherServlet ''
2024-12-23T16:10:29.770-05:00  INFO 31456 --- [customer_service] [           main] o.s.t.web.servlet.TestDispatcherServlet  : Initializing Servlet ''
2024-12-23T16:10:29.770-05:00  INFO 31456 --- [customer_service] [           main] o.s.t.web.servlet.TestDispatcherServlet  : Completed initialization in 0 ms
2024-12-23T16:10:29.773-05:00 DEBUG 31456 --- [customer_service] [           main] s.w.s.m.m.a.RequestMappingHandlerMapping : Mapped to com.example.customer_service.controller.CustomerController#createCustomer(CustomerDTO)
2024-12-23T16:10:29.776-05:00 DEBUG 31456 --- [customer_service] [           main] m.m.a.RequestResponseBodyMethodProcessor : Read "application/json" to [CustomerDTO(id=null, name=John Doe, industry=IT, companySize=50, email=johndoe@example.com, phoneNum (truncated)...]
2024-12-23T16:10:29.776-05:00 DEBUG 31456 --- [customer_service] [           main] o.s.w.s.m.m.a.HttpEntityMethodProcessor  : Using 'application/json', given [*/*] and supported [application/json, application/*+json]
2024-12-23T16:10:29.778-05:00 DEBUG 31456 --- [customer_service] [           main] o.s.w.s.m.m.a.HttpEntityMethodProcessor  : Writing [{message=Invalid phone number format, status=400}]
Test Passed: POST with null phone number returned 400 Bad Request.
]]></system-out>
  </testcase>
  <testcase name="patchCustomerStatus_shouldReturnUnauthorizedWhenNotAuthenticated" classname="com.example.customer_service.controller.CustomerServiceControllerTest" time="0.02">
    <system-out><![CDATA[2024-12-23T16:10:29.791-05:00 DEBUG 31456 --- [customer_service] [           main] s.w.s.m.m.a.RequestMappingHandlerMapping : 7 mappings in org.springframework.web.servlet.mvc.method.annotation.RequestMappingHandlerMapping
2024-12-23T16:10:29.793-05:00 DEBUG 31456 --- [customer_service] [           main] s.w.s.m.m.a.RequestMappingHandlerAdapter : ControllerAdvice beans: 0 @ModelAttribute, 0 @InitBinder, 1 RequestBodyAdvice, 1 ResponseBodyAdvice
2024-12-23T16:10:29.793-05:00 DEBUG 31456 --- [customer_service] [           main] .m.m.a.ExceptionHandlerExceptionResolver : ControllerAdvice beans: 0 @ExceptionHandler, 1 ResponseBodyAdvice
2024-12-23T16:10:29.793-05:00  INFO 31456 --- [customer_service] [           main] o.s.mock.web.MockServletContext          : Initializing Spring TestDispatcherServlet ''
2024-12-23T16:10:29.794-05:00  INFO 31456 --- [customer_service] [           main] o.s.t.web.servlet.TestDispatcherServlet  : Initializing Servlet ''
2024-12-23T16:10:29.794-05:00  INFO 31456 --- [customer_service] [           main] o.s.t.web.servlet.TestDispatcherServlet  : Completed initialization in 0 ms
2024-12-23T16:10:29.795-05:00 DEBUG 31456 --- [customer_service] [           main] s.w.s.m.m.a.RequestMappingHandlerMapping : Mapped to com.example.customer_service.controller.CustomerController#updateCustomerStatus(Long, Map)
2024-12-23T16:10:29.797-05:00 DEBUG 31456 --- [customer_service] [           main] m.m.a.RequestResponseBodyMethodProcessor : Read "application/json" to [{status=active}]
2024-12-23T16:10:29.798-05:00 DEBUG 31456 --- [customer_service] [           main] o.s.w.s.m.m.a.HttpEntityMethodProcessor  : Using 'application/json', given [*/*] and supported [application/json, application/*+json]
2024-12-23T16:10:29.799-05:00 DEBUG 31456 --- [customer_service] [           main] o.s.w.s.m.m.a.HttpEntityMethodProcessor  : Writing [{message=Unauthorized access, status=401}]
Test Passed: Unauthorized access tested successfully.
]]></system-out>
  </testcase>
  <testcase name="updateCustomer_shouldReturnForbiddenWhenNoPermission" classname="com.example.customer_service.controller.CustomerServiceControllerTest" time="0.02">
    <system-out><![CDATA[2024-12-23T16:10:29.808-05:00 DEBUG 31456 --- [customer_service] [           main] s.w.s.m.m.a.RequestMappingHandlerMapping : 7 mappings in org.springframework.web.servlet.mvc.method.annotation.RequestMappingHandlerMapping
2024-12-23T16:10:29.810-05:00 DEBUG 31456 --- [customer_service] [           main] s.w.s.m.m.a.RequestMappingHandlerAdapter : ControllerAdvice beans: 0 @ModelAttribute, 0 @InitBinder, 1 RequestBodyAdvice, 1 ResponseBodyAdvice
2024-12-23T16:10:29.811-05:00 DEBUG 31456 --- [customer_service] [           main] .m.m.a.ExceptionHandlerExceptionResolver : ControllerAdvice beans: 0 @ExceptionHandler, 1 ResponseBodyAdvice
2024-12-23T16:10:29.811-05:00  INFO 31456 --- [customer_service] [           main] o.s.mock.web.MockServletContext          : Initializing Spring TestDispatcherServlet ''
2024-12-23T16:10:29.811-05:00  INFO 31456 --- [customer_service] [           main] o.s.t.web.servlet.TestDispatcherServlet  : Initializing Servlet ''
2024-12-23T16:10:29.811-05:00  INFO 31456 --- [customer_service] [           main] o.s.t.web.servlet.TestDispatcherServlet  : Completed initialization in 0 ms
2024-12-23T16:10:29.813-05:00 DEBUG 31456 --- [customer_service] [           main] s.w.s.m.m.a.RequestMappingHandlerMapping : Mapped to com.example.customer_service.controller.CustomerController#updateCustomer(Long, Map)
2024-12-23T16:10:29.817-05:00 DEBUG 31456 --- [customer_service] [           main] m.m.a.RequestResponseBodyMethodProcessor : Read "application/json" to [{status=ACTIVE}]
2024-12-23T16:10:29.819-05:00 DEBUG 31456 --- [customer_service] [           main] o.s.w.s.m.m.a.HttpEntityMethodProcessor  : Using 'application/json', given [*/*] and supported [application/json, application/*+json]
2024-12-23T16:10:29.820-05:00 DEBUG 31456 --- [customer_service] [           main] o.s.w.s.m.m.a.HttpEntityMethodProcessor  : Writing [{message=Forbidden, status=403}]
Test Passed: PUT forbidden access returned 403.
]]></system-out>
  </testcase>
  <testcase name="createCustomer_shouldReturnBadRequestWhenEmailIsEmpty" classname="com.example.customer_service.controller.CustomerServiceControllerTest" time="0.023">
    <system-out><![CDATA[2024-12-23T16:10:29.833-05:00 DEBUG 31456 --- [customer_service] [           main] s.w.s.m.m.a.RequestMappingHandlerMapping : 7 mappings in org.springframework.web.servlet.mvc.method.annotation.RequestMappingHandlerMapping
2024-12-23T16:10:29.835-05:00 DEBUG 31456 --- [customer_service] [           main] s.w.s.m.m.a.RequestMappingHandlerAdapter : ControllerAdvice beans: 0 @ModelAttribute, 0 @InitBinder, 1 RequestBodyAdvice, 1 ResponseBodyAdvice
2024-12-23T16:10:29.836-05:00 DEBUG 31456 --- [customer_service] [           main] .m.m.a.ExceptionHandlerExceptionResolver : ControllerAdvice beans: 0 @ExceptionHandler, 1 ResponseBodyAdvice
2024-12-23T16:10:29.836-05:00  INFO 31456 --- [customer_service] [           main] o.s.mock.web.MockServletContext          : Initializing Spring TestDispatcherServlet ''
2024-12-23T16:10:29.836-05:00  INFO 31456 --- [customer_service] [           main] o.s.t.web.servlet.TestDispatcherServlet  : Initializing Servlet ''
2024-12-23T16:10:29.836-05:00  INFO 31456 --- [customer_service] [           main] o.s.t.web.servlet.TestDispatcherServlet  : Completed initialization in 0 ms
2024-12-23T16:10:29.839-05:00 DEBUG 31456 --- [customer_service] [           main] s.w.s.m.m.a.RequestMappingHandlerMapping : Mapped to com.example.customer_service.controller.CustomerController#createCustomer(CustomerDTO)
2024-12-23T16:10:29.842-05:00 DEBUG 31456 --- [customer_service] [           main] m.m.a.RequestResponseBodyMethodProcessor : Read "application/json" to [CustomerDTO(id=null, name=John Doe, industry=IT, companySize=50, email= , phoneNumber=1234567890, ad (truncated)...]
2024-12-23T16:10:29.843-05:00 DEBUG 31456 --- [customer_service] [           main] o.s.w.s.m.m.a.HttpEntityMethodProcessor  : Using 'application/json', given [*/*] and supported [application/json, application/*+json]
2024-12-23T16:10:29.844-05:00 DEBUG 31456 --- [customer_service] [           main] o.s.w.s.m.m.a.HttpEntityMethodProcessor  : Writing [{message=Invalid email format, status=400}]
Test Passed: POST with empty email returned 400 Bad Request.
]]></system-out>
  </testcase>
  <testcase name="updateCustomer_shouldSkipEmailValidationWhenEmailKeyIsMissing" classname="com.example.customer_service.controller.CustomerServiceControllerTest" time="0.015">
    <system-out><![CDATA[2024-12-23T16:10:29.853-05:00 DEBUG 31456 --- [customer_service] [           main] s.w.s.m.m.a.RequestMappingHandlerMapping : 7 mappings in org.springframework.web.servlet.mvc.method.annotation.RequestMappingHandlerMapping
2024-12-23T16:10:29.854-05:00 DEBUG 31456 --- [customer_service] [           main] s.w.s.m.m.a.RequestMappingHandlerAdapter : ControllerAdvice beans: 0 @ModelAttribute, 0 @InitBinder, 1 RequestBodyAdvice, 1 ResponseBodyAdvice
2024-12-23T16:10:29.855-05:00 DEBUG 31456 --- [customer_service] [           main] .m.m.a.ExceptionHandlerExceptionResolver : ControllerAdvice beans: 0 @ExceptionHandler, 1 ResponseBodyAdvice
2024-12-23T16:10:29.855-05:00  INFO 31456 --- [customer_service] [           main] o.s.mock.web.MockServletContext          : Initializing Spring TestDispatcherServlet ''
2024-12-23T16:10:29.855-05:00  INFO 31456 --- [customer_service] [           main] o.s.t.web.servlet.TestDispatcherServlet  : Initializing Servlet ''
2024-12-23T16:10:29.855-05:00  INFO 31456 --- [customer_service] [           main] o.s.t.web.servlet.TestDispatcherServlet  : Completed initialization in 0 ms
2024-12-23T16:10:29.856-05:00 DEBUG 31456 --- [customer_service] [           main] s.w.s.m.m.a.RequestMappingHandlerMapping : Mapped to com.example.customer_service.controller.CustomerController#updateCustomer(Long, Map)
2024-12-23T16:10:29.858-05:00 DEBUG 31456 --- [customer_service] [           main] m.m.a.RequestResponseBodyMethodProcessor : Read "application/json" to [{name=John Doe}]
2024-12-23T16:10:29.859-05:00 DEBUG 31456 --- [customer_service] [           main] o.s.w.s.m.m.a.HttpEntityMethodProcessor  : Using 'application/json', given [*/*] and supported [application/json, application/*+json]
2024-12-23T16:10:29.859-05:00 DEBUG 31456 --- [customer_service] [           main] o.s.w.s.m.m.a.HttpEntityMethodProcessor  : Writing [{message=Customer updated successfully, status=200}]
Test Passed: PUT without 'email' key skipped email validation.
]]></system-out>
  </testcase>
  <testcase name="patchCustomerStatus_shouldReturnNotFoundWhenCustomerDoesNotExist" classname="com.example.customer_service.controller.CustomerServiceControllerTest" time="0.028">
    <system-out><![CDATA[2024-12-23T16:10:29.871-05:00 DEBUG 31456 --- [customer_service] [           main] s.w.s.m.m.a.RequestMappingHandlerMapping : 7 mappings in org.springframework.web.servlet.mvc.method.annotation.RequestMappingHandlerMapping
2024-12-23T16:10:29.875-05:00 DEBUG 31456 --- [customer_service] [           main] s.w.s.m.m.a.RequestMappingHandlerAdapter : ControllerAdvice beans: 0 @ModelAttribute, 0 @InitBinder, 1 RequestBodyAdvice, 1 ResponseBodyAdvice
2024-12-23T16:10:29.875-05:00 DEBUG 31456 --- [customer_service] [           main] .m.m.a.ExceptionHandlerExceptionResolver : ControllerAdvice beans: 0 @ExceptionHandler, 1 ResponseBodyAdvice
2024-12-23T16:10:29.876-05:00  INFO 31456 --- [customer_service] [           main] o.s.mock.web.MockServletContext          : Initializing Spring TestDispatcherServlet ''
2024-12-23T16:10:29.876-05:00  INFO 31456 --- [customer_service] [           main] o.s.t.web.servlet.TestDispatcherServlet  : Initializing Servlet ''
2024-12-23T16:10:29.876-05:00  INFO 31456 --- [customer_service] [           main] o.s.t.web.servlet.TestDispatcherServlet  : Completed initialization in 0 ms
2024-12-23T16:10:29.879-05:00 DEBUG 31456 --- [customer_service] [           main] s.w.s.m.m.a.RequestMappingHandlerMapping : Mapped to com.example.customer_service.controller.CustomerController#updateCustomerStatus(Long, Map)
2024-12-23T16:10:29.885-05:00 DEBUG 31456 --- [customer_service] [           main] m.m.a.RequestResponseBodyMethodProcessor : Read "application/json" to [{status=enabled}]
2024-12-23T16:10:29.887-05:00 DEBUG 31456 --- [customer_service] [           main] o.s.w.s.m.m.a.HttpEntityMethodProcessor  : Using 'application/json', given [*/*] and supported [application/json, application/*+json]
2024-12-23T16:10:29.888-05:00 DEBUG 31456 --- [customer_service] [           main] o.s.w.s.m.m.a.HttpEntityMethodProcessor  : Writing [{message=Customer not found, status=404}]
Test Passed: PATCH with non-existent customer returned 404 Not Found.
]]></system-out>
  </testcase>
  <testcase name="patchCustomerStatus_shouldReturnBadRequestForInvalidStatus" classname="com.example.customer_service.controller.CustomerServiceControllerTest" time="0.018">
    <system-out><![CDATA[2024-12-23T16:10:29.900-05:00 DEBUG 31456 --- [customer_service] [           main] s.w.s.m.m.a.RequestMappingHandlerMapping : 7 mappings in org.springframework.web.servlet.mvc.method.annotation.RequestMappingHandlerMapping
2024-12-23T16:10:29.902-05:00 DEBUG 31456 --- [customer_service] [           main] s.w.s.m.m.a.RequestMappingHandlerAdapter : ControllerAdvice beans: 0 @ModelAttribute, 0 @InitBinder, 1 RequestBodyAdvice, 1 ResponseBodyAdvice
2024-12-23T16:10:29.903-05:00 DEBUG 31456 --- [customer_service] [           main] .m.m.a.ExceptionHandlerExceptionResolver : ControllerAdvice beans: 0 @ExceptionHandler, 1 ResponseBodyAdvice
2024-12-23T16:10:29.903-05:00  INFO 31456 --- [customer_service] [           main] o.s.mock.web.MockServletContext          : Initializing Spring TestDispatcherServlet ''
2024-12-23T16:10:29.903-05:00  INFO 31456 --- [customer_service] [           main] o.s.t.web.servlet.TestDispatcherServlet  : Initializing Servlet ''
2024-12-23T16:10:29.903-05:00  INFO 31456 --- [customer_service] [           main] o.s.t.web.servlet.TestDispatcherServlet  : Completed initialization in 0 ms
2024-12-23T16:10:29.904-05:00 DEBUG 31456 --- [customer_service] [           main] s.w.s.m.m.a.RequestMappingHandlerMapping : Mapped to com.example.customer_service.controller.CustomerController#updateCustomerStatus(Long, Map)
2024-12-23T16:10:29.906-05:00 DEBUG 31456 --- [customer_service] [           main] m.m.a.RequestResponseBodyMethodProcessor : Read "application/json" to [{status=invalid_status}]
2024-12-23T16:10:29.907-05:00 DEBUG 31456 --- [customer_service] [           main] o.s.w.s.m.m.a.HttpEntityMethodProcessor  : Using 'application/json', given [*/*] and supported [application/json, application/*+json]
2024-12-23T16:10:29.907-05:00 DEBUG 31456 --- [customer_service] [           main] o.s.w.s.m.m.a.HttpEntityMethodProcessor  : Writing [{message=Invalid status value, status=400}]
Test Passed: PATCH with invalid status returned 400 Bad Request.
]]></system-out>
  </testcase>
  <testcase name="getAllCustomers_shouldReturnCustomerList" classname="com.example.customer_service.controller.CustomerServiceControllerTest" time="0.022">
    <system-out><![CDATA[2024-12-23T16:10:29.918-05:00 DEBUG 31456 --- [customer_service] [           main] s.w.s.m.m.a.RequestMappingHandlerMapping : 7 mappings in org.springframework.web.servlet.mvc.method.annotation.RequestMappingHandlerMapping
2024-12-23T16:10:29.920-05:00 DEBUG 31456 --- [customer_service] [           main] s.w.s.m.m.a.RequestMappingHandlerAdapter : ControllerAdvice beans: 0 @ModelAttribute, 0 @InitBinder, 1 RequestBodyAdvice, 1 ResponseBodyAdvice
2024-12-23T16:10:29.920-05:00 DEBUG 31456 --- [customer_service] [           main] .m.m.a.ExceptionHandlerExceptionResolver : ControllerAdvice beans: 0 @ExceptionHandler, 1 ResponseBodyAdvice
2024-12-23T16:10:29.921-05:00  INFO 31456 --- [customer_service] [           main] o.s.mock.web.MockServletContext          : Initializing Spring TestDispatcherServlet ''
2024-12-23T16:10:29.921-05:00  INFO 31456 --- [customer_service] [           main] o.s.t.web.servlet.TestDispatcherServlet  : Initializing Servlet ''
2024-12-23T16:10:29.921-05:00  INFO 31456 --- [customer_service] [           main] o.s.t.web.servlet.TestDispatcherServlet  : Completed initialization in 0 ms
2024-12-23T16:10:29.922-05:00 DEBUG 31456 --- [customer_service] [           main] s.w.s.m.m.a.RequestMappingHandlerMapping : Mapped to com.example.customer_service.controller.CustomerController#getAllCustomers()
2024-12-23T16:10:29.923-05:00 DEBUG 31456 --- [customer_service] [           main] o.s.w.s.m.m.a.HttpEntityMethodProcessor  : Using 'application/json', given [*/*] and supported [application/json, application/*+json]
2024-12-23T16:10:29.924-05:00 DEBUG 31456 --- [customer_service] [           main] o.s.w.s.m.m.a.HttpEntityMethodProcessor  : Writing [{customers=[Customer(id=1, name=John Doe, industry=IT, companySize=50, email=johndoe@example.com, ph (truncated)...]
]]></system-out>
  </testcase>
  <testcase name="createCustomer_shouldReturnUnauthorized" classname="com.example.customer_service.controller.CustomerServiceControllerTest" time="0.02">
    <system-out><![CDATA[2024-12-23T16:10:29.939-05:00 DEBUG 31456 --- [customer_service] [           main] s.w.s.m.m.a.RequestMappingHandlerMapping : 7 mappings in org.springframework.web.servlet.mvc.method.annotation.RequestMappingHandlerMapping
2024-12-23T16:10:29.941-05:00 DEBUG 31456 --- [customer_service] [           main] s.w.s.m.m.a.RequestMappingHandlerAdapter : ControllerAdvice beans: 0 @ModelAttribute, 0 @InitBinder, 1 RequestBodyAdvice, 1 ResponseBodyAdvice
2024-12-23T16:10:29.941-05:00 DEBUG 31456 --- [customer_service] [           main] .m.m.a.ExceptionHandlerExceptionResolver : ControllerAdvice beans: 0 @ExceptionHandler, 1 ResponseBodyAdvice
2024-12-23T16:10:29.941-05:00  INFO 31456 --- [customer_service] [           main] o.s.mock.web.MockServletContext          : Initializing Spring TestDispatcherServlet ''
2024-12-23T16:10:29.941-05:00  INFO 31456 --- [customer_service] [           main] o.s.t.web.servlet.TestDispatcherServlet  : Initializing Servlet ''
2024-12-23T16:10:29.942-05:00  INFO 31456 --- [customer_service] [           main] o.s.t.web.servlet.TestDispatcherServlet  : Completed initialization in 0 ms
2024-12-23T16:10:29.944-05:00 DEBUG 31456 --- [customer_service] [           main] s.w.s.m.m.a.RequestMappingHandlerMapping : Mapped to com.example.customer_service.controller.CustomerController#createCustomer(CustomerDTO)
2024-12-23T16:10:29.947-05:00 DEBUG 31456 --- [customer_service] [           main] m.m.a.RequestResponseBodyMethodProcessor : Read "application/json" to [CustomerDTO(id=null, name=null, industry=null, companySize=null, email=null, phoneNumber=null, addre (truncated)...]
2024-12-23T16:10:29.949-05:00 DEBUG 31456 --- [customer_service] [           main] o.s.w.s.m.m.a.HttpEntityMethodProcessor  : Using 'application/json', given [*/*] and supported [application/json, application/*+json]
2024-12-23T16:10:29.950-05:00 DEBUG 31456 --- [customer_service] [           main] o.s.w.s.m.m.a.HttpEntityMethodProcessor  : Writing [{message=Unauthorized access, status=401}]
Test Passed: POST Unauthorized scenario tested successfully.
]]></system-out>
  </testcase>
  <testcase name="searchCustomers_shouldReturnBadRequestForInvalidLimit" classname="com.example.customer_service.controller.CustomerServiceControllerTest" time="0.022">
    <system-out><![CDATA[2024-12-23T16:10:29.961-05:00 DEBUG 31456 --- [customer_service] [           main] s.w.s.m.m.a.RequestMappingHandlerMapping : 7 mappings in org.springframework.web.servlet.mvc.method.annotation.RequestMappingHandlerMapping
2024-12-23T16:10:29.964-05:00 DEBUG 31456 --- [customer_service] [           main] s.w.s.m.m.a.RequestMappingHandlerAdapter : ControllerAdvice beans: 0 @ModelAttribute, 0 @InitBinder, 1 RequestBodyAdvice, 1 ResponseBodyAdvice
2024-12-23T16:10:29.964-05:00 DEBUG 31456 --- [customer_service] [           main] .m.m.a.ExceptionHandlerExceptionResolver : ControllerAdvice beans: 0 @ExceptionHandler, 1 ResponseBodyAdvice
2024-12-23T16:10:29.965-05:00  INFO 31456 --- [customer_service] [           main] o.s.mock.web.MockServletContext          : Initializing Spring TestDispatcherServlet ''
2024-12-23T16:10:29.965-05:00  INFO 31456 --- [customer_service] [           main] o.s.t.web.servlet.TestDispatcherServlet  : Initializing Servlet ''
2024-12-23T16:10:29.965-05:00  INFO 31456 --- [customer_service] [           main] o.s.t.web.servlet.TestDispatcherServlet  : Completed initialization in 0 ms
2024-12-23T16:10:29.967-05:00 DEBUG 31456 --- [customer_service] [           main] s.w.s.m.m.a.RequestMappingHandlerMapping : Mapped to com.example.customer_service.controller.CustomerController#searchCustomers(SearchCriteria)
2024-12-23T16:10:29.969-05:00 DEBUG 31456 --- [customer_service] [           main] o.s.w.s.m.m.a.HttpEntityMethodProcessor  : Using 'application/json', given [*/*] and supported [application/json, application/*+json]
2024-12-23T16:10:29.969-05:00 DEBUG 31456 --- [customer_service] [           main] o.s.w.s.m.m.a.HttpEntityMethodProcessor  : Writing [{message=Invalid search parameter, status=400}]
Test Passed: Search endpoint returned 400 Bad Request for limit = -1.
2024-12-23T16:10:29.971-05:00 DEBUG 31456 --- [customer_service] [           main] s.w.s.m.m.a.RequestMappingHandlerMapping : Mapped to com.example.customer_service.controller.CustomerController#searchCustomers(SearchCriteria)
2024-12-23T16:10:29.973-05:00 DEBUG 31456 --- [customer_service] [           main] o.s.w.s.m.m.a.HttpEntityMethodProcessor  : Using 'application/json', given [*/*] and supported [application/json, application/*+json]
2024-12-23T16:10:29.974-05:00 DEBUG 31456 --- [customer_service] [           main] o.s.w.s.m.m.a.HttpEntityMethodProcessor  : Writing [{message=Invalid search parameter, status=400}]
Test Passed: Search endpoint returned 400 Bad Request for limit = 0.
]]></system-out>
  </testcase>
  <testcase name="updateCustomer_shouldReturnBadRequestWhenEmailIsNull" classname="com.example.customer_service.controller.CustomerServiceControllerTest" time="0.02">
    <system-out><![CDATA[2024-12-23T16:10:29.985-05:00 DEBUG 31456 --- [customer_service] [           main] s.w.s.m.m.a.RequestMappingHandlerMapping : 7 mappings in org.springframework.web.servlet.mvc.method.annotation.RequestMappingHandlerMapping
2024-12-23T16:10:29.986-05:00 DEBUG 31456 --- [customer_service] [           main] s.w.s.m.m.a.RequestMappingHandlerAdapter : ControllerAdvice beans: 0 @ModelAttribute, 0 @InitBinder, 1 RequestBodyAdvice, 1 ResponseBodyAdvice
2024-12-23T16:10:29.987-05:00 DEBUG 31456 --- [customer_service] [           main] .m.m.a.ExceptionHandlerExceptionResolver : ControllerAdvice beans: 0 @ExceptionHandler, 1 ResponseBodyAdvice
2024-12-23T16:10:29.987-05:00  INFO 31456 --- [customer_service] [           main] o.s.mock.web.MockServletContext          : Initializing Spring TestDispatcherServlet ''
2024-12-23T16:10:29.987-05:00  INFO 31456 --- [customer_service] [           main] o.s.t.web.servlet.TestDispatcherServlet  : Initializing Servlet ''
2024-12-23T16:10:29.987-05:00  INFO 31456 --- [customer_service] [           main] o.s.t.web.servlet.TestDispatcherServlet  : Completed initialization in 0 ms
2024-12-23T16:10:29.988-05:00 DEBUG 31456 --- [customer_service] [           main] s.w.s.m.m.a.RequestMappingHandlerMapping : Mapped to com.example.customer_service.controller.CustomerController#updateCustomer(Long, Map)
2024-12-23T16:10:29.992-05:00 DEBUG 31456 --- [customer_service] [           main] m.m.a.RequestResponseBodyMethodProcessor : Read "application/json" to [{email=null}]
2024-12-23T16:10:29.994-05:00 DEBUG 31456 --- [customer_service] [           main] o.s.w.s.m.m.a.HttpEntityMethodProcessor  : Using 'application/json', given [*/*] and supported [application/json, application/*+json]
2024-12-23T16:10:29.995-05:00 DEBUG 31456 --- [customer_service] [           main] o.s.w.s.m.m.a.HttpEntityMethodProcessor  : Writing [{message=Invalid email format, status=400}]
Test Passed: PUT with null 'email' returned 400 Bad Request.
]]></system-out>
  </testcase>
  <testcase name="searchCustomers_shouldReturnUnauthorizedWhenNotAuthenticated" classname="com.example.customer_service.controller.CustomerServiceControllerTest" time="0.022">
    <system-out><![CDATA[2024-12-23T16:10:30.009-05:00 DEBUG 31456 --- [customer_service] [           main] s.w.s.m.m.a.RequestMappingHandlerMapping : 7 mappings in org.springframework.web.servlet.mvc.method.annotation.RequestMappingHandlerMapping
2024-12-23T16:10:30.012-05:00 DEBUG 31456 --- [customer_service] [           main] s.w.s.m.m.a.RequestMappingHandlerAdapter : ControllerAdvice beans: 0 @ModelAttribute, 0 @InitBinder, 1 RequestBodyAdvice, 1 ResponseBodyAdvice
2024-12-23T16:10:30.012-05:00 DEBUG 31456 --- [customer_service] [           main] .m.m.a.ExceptionHandlerExceptionResolver : ControllerAdvice beans: 0 @ExceptionHandler, 1 ResponseBodyAdvice
2024-12-23T16:10:30.013-05:00  INFO 31456 --- [customer_service] [           main] o.s.mock.web.MockServletContext          : Initializing Spring TestDispatcherServlet ''
2024-12-23T16:10:30.013-05:00  INFO 31456 --- [customer_service] [           main] o.s.t.web.servlet.TestDispatcherServlet  : Initializing Servlet ''
2024-12-23T16:10:30.013-05:00  INFO 31456 --- [customer_service] [           main] o.s.t.web.servlet.TestDispatcherServlet  : Completed initialization in 0 ms
2024-12-23T16:10:30.015-05:00 DEBUG 31456 --- [customer_service] [           main] s.w.s.m.m.a.RequestMappingHandlerMapping : Mapped to com.example.customer_service.controller.CustomerController#searchCustomers(SearchCriteria)
2024-12-23T16:10:30.017-05:00 DEBUG 31456 --- [customer_service] [           main] o.s.w.s.m.m.a.HttpEntityMethodProcessor  : Using 'application/json', given [*/*] and supported [application/json, application/*+json]
2024-12-23T16:10:30.018-05:00 DEBUG 31456 --- [customer_service] [           main] o.s.w.s.m.m.a.HttpEntityMethodProcessor  : Writing [{message=Unauthorized access, status=401}]
Test Passed: Search endpoint returned 401 Unauthorized.
]]></system-out>
  </testcase>
  <testcase name="updateCustomer_shouldPassWhenEmailIsValid" classname="com.example.customer_service.controller.CustomerServiceControllerTest" time="0.019">
    <system-out><![CDATA[2024-12-23T16:10:30.031-05:00 DEBUG 31456 --- [customer_service] [           main] s.w.s.m.m.a.RequestMappingHandlerMapping : 7 mappings in org.springframework.web.servlet.mvc.method.annotation.RequestMappingHandlerMapping
2024-12-23T16:10:30.033-05:00 DEBUG 31456 --- [customer_service] [           main] s.w.s.m.m.a.RequestMappingHandlerAdapter : ControllerAdvice beans: 0 @ModelAttribute, 0 @InitBinder, 1 RequestBodyAdvice, 1 ResponseBodyAdvice
2024-12-23T16:10:30.033-05:00 DEBUG 31456 --- [customer_service] [           main] .m.m.a.ExceptionHandlerExceptionResolver : ControllerAdvice beans: 0 @ExceptionHandler, 1 ResponseBodyAdvice
2024-12-23T16:10:30.033-05:00  INFO 31456 --- [customer_service] [           main] o.s.mock.web.MockServletContext          : Initializing Spring TestDispatcherServlet ''
2024-12-23T16:10:30.033-05:00  INFO 31456 --- [customer_service] [           main] o.s.t.web.servlet.TestDispatcherServlet  : Initializing Servlet ''
2024-12-23T16:10:30.033-05:00  INFO 31456 --- [customer_service] [           main] o.s.t.web.servlet.TestDispatcherServlet  : Completed initialization in 0 ms
2024-12-23T16:10:30.035-05:00 DEBUG 31456 --- [customer_service] [           main] s.w.s.m.m.a.RequestMappingHandlerMapping : Mapped to com.example.customer_service.controller.CustomerController#updateCustomer(Long, Map)
2024-12-23T16:10:30.037-05:00 DEBUG 31456 --- [customer_service] [           main] m.m.a.RequestResponseBodyMethodProcessor : Read "application/json" to [{email=valid@example.com}]
2024-12-23T16:10:30.039-05:00 DEBUG 31456 --- [customer_service] [           main] o.s.w.s.m.m.a.HttpEntityMethodProcessor  : Using 'application/json', given [*/*] and supported [application/json, application/*+json]
2024-12-23T16:10:30.039-05:00 DEBUG 31456 --- [customer_service] [           main] o.s.w.s.m.m.a.HttpEntityMethodProcessor  : Writing [{message=Customer updated successfully, status=200}]
Test Passed: PUT with valid 'email' passed successfully.
]]></system-out>
  </testcase>
  <testcase name="patchCustomerStatus_shouldReturnForbiddenWhenNoPermission" classname="com.example.customer_service.controller.CustomerServiceControllerTest" time="0.027">
    <system-out><![CDATA[2024-12-23T16:10:30.053-05:00 DEBUG 31456 --- [customer_service] [           main] s.w.s.m.m.a.RequestMappingHandlerMapping : 7 mappings in org.springframework.web.servlet.mvc.method.annotation.RequestMappingHandlerMapping
2024-12-23T16:10:30.056-05:00 DEBUG 31456 --- [customer_service] [           main] s.w.s.m.m.a.RequestMappingHandlerAdapter : ControllerAdvice beans: 0 @ModelAttribute, 0 @InitBinder, 1 RequestBodyAdvice, 1 ResponseBodyAdvice
2024-12-23T16:10:30.057-05:00 DEBUG 31456 --- [customer_service] [           main] .m.m.a.ExceptionHandlerExceptionResolver : ControllerAdvice beans: 0 @ExceptionHandler, 1 ResponseBodyAdvice
2024-12-23T16:10:30.057-05:00  INFO 31456 --- [customer_service] [           main] o.s.mock.web.MockServletContext          : Initializing Spring TestDispatcherServlet ''
2024-12-23T16:10:30.057-05:00  INFO 31456 --- [customer_service] [           main] o.s.t.web.servlet.TestDispatcherServlet  : Initializing Servlet ''
2024-12-23T16:10:30.058-05:00  INFO 31456 --- [customer_service] [           main] o.s.t.web.servlet.TestDispatcherServlet  : Completed initialization in 1 ms
2024-12-23T16:10:30.060-05:00 DEBUG 31456 --- [customer_service] [           main] s.w.s.m.m.a.RequestMappingHandlerMapping : Mapped to com.example.customer_service.controller.CustomerController#updateCustomerStatus(Long, Map)
2024-12-23T16:10:30.063-05:00 DEBUG 31456 --- [customer_service] [           main] m.m.a.RequestResponseBodyMethodProcessor : Read "application/json" to [{status=active}]
2024-12-23T16:10:30.065-05:00 DEBUG 31456 --- [customer_service] [           main] o.s.w.s.m.m.a.HttpEntityMethodProcessor  : Using 'application/json', given [*/*] and supported [application/json, application/*+json]
2024-12-23T16:10:30.066-05:00 DEBUG 31456 --- [customer_service] [           main] o.s.w.s.m.m.a.HttpEntityMethodProcessor  : Writing [{message=Forbidden, status=403}]
Test Passed: Forbidden access tested successfully.
]]></system-out>
  </testcase>
  <testcase name="createCustomer_shouldReturnNotFoundWhenIdIsInvalid" classname="com.example.customer_service.controller.CustomerServiceControllerTest" time="0.026">
    <system-out><![CDATA[2024-12-23T16:10:30.079-05:00 DEBUG 31456 --- [customer_service] [           main] s.w.s.m.m.a.RequestMappingHandlerMapping : 7 mappings in org.springframework.web.servlet.mvc.method.annotation.RequestMappingHandlerMapping
2024-12-23T16:10:30.082-05:00 DEBUG 31456 --- [customer_service] [           main] s.w.s.m.m.a.RequestMappingHandlerAdapter : ControllerAdvice beans: 0 @ModelAttribute, 0 @InitBinder, 1 RequestBodyAdvice, 1 ResponseBodyAdvice
2024-12-23T16:10:30.082-05:00 DEBUG 31456 --- [customer_service] [           main] .m.m.a.ExceptionHandlerExceptionResolver : ControllerAdvice beans: 0 @ExceptionHandler, 1 ResponseBodyAdvice
2024-12-23T16:10:30.083-05:00  INFO 31456 --- [customer_service] [           main] o.s.mock.web.MockServletContext          : Initializing Spring TestDispatcherServlet ''
2024-12-23T16:10:30.083-05:00  INFO 31456 --- [customer_service] [           main] o.s.t.web.servlet.TestDispatcherServlet  : Initializing Servlet ''
2024-12-23T16:10:30.083-05:00  INFO 31456 --- [customer_service] [           main] o.s.t.web.servlet.TestDispatcherServlet  : Completed initialization in 0 ms
2024-12-23T16:10:30.089-05:00 DEBUG 31456 --- [customer_service] [           main] s.w.s.m.m.a.RequestMappingHandlerMapping : Mapped to com.example.customer_service.controller.CustomerController#createCustomer(CustomerDTO)
2024-12-23T16:10:30.093-05:00 DEBUG 31456 --- [customer_service] [           main] m.m.a.RequestResponseBodyMethodProcessor : Read "application/json" to [CustomerDTO(id=999, name=John Doe, industry=IT, companySize=50, email=johndoe@example.com, phoneNumb (truncated)...]
2024-12-23T16:10:30.094-05:00 DEBUG 31456 --- [customer_service] [           main] o.s.w.s.m.m.a.HttpEntityMethodProcessor  : Using 'application/json', given [*/*] and supported [application/json, application/*+json]
2024-12-23T16:10:30.094-05:00 DEBUG 31456 --- [customer_service] [           main] o.s.w.s.m.m.a.HttpEntityMethodProcessor  : Writing [{message=Customer not found, status=404}]
Test Passed: POST with invalid ID returned 404 Not Found.
]]></system-out>
  </testcase>
  <testcase name="searchCustomers_shouldReturnBadRequestForIllegalArgumentException" classname="com.example.customer_service.controller.CustomerServiceControllerTest" time="0.015">
    <system-out><![CDATA[2024-12-23T16:10:30.103-05:00 DEBUG 31456 --- [customer_service] [           main] s.w.s.m.m.a.RequestMappingHandlerMapping : 7 mappings in org.springframework.web.servlet.mvc.method.annotation.RequestMappingHandlerMapping
2024-12-23T16:10:30.104-05:00 DEBUG 31456 --- [customer_service] [           main] s.w.s.m.m.a.RequestMappingHandlerAdapter : ControllerAdvice beans: 0 @ModelAttribute, 0 @InitBinder, 1 RequestBodyAdvice, 1 ResponseBodyAdvice
2024-12-23T16:10:30.105-05:00 DEBUG 31456 --- [customer_service] [           main] .m.m.a.ExceptionHandlerExceptionResolver : ControllerAdvice beans: 0 @ExceptionHandler, 1 ResponseBodyAdvice
2024-12-23T16:10:30.105-05:00  INFO 31456 --- [customer_service] [           main] o.s.mock.web.MockServletContext          : Initializing Spring TestDispatcherServlet ''
2024-12-23T16:10:30.105-05:00  INFO 31456 --- [customer_service] [           main] o.s.t.web.servlet.TestDispatcherServlet  : Initializing Servlet ''
2024-12-23T16:10:30.106-05:00  INFO 31456 --- [customer_service] [           main] o.s.t.web.servlet.TestDispatcherServlet  : Completed initialization in 1 ms
2024-12-23T16:10:30.108-05:00 DEBUG 31456 --- [customer_service] [           main] s.w.s.m.m.a.RequestMappingHandlerMapping : Mapped to com.example.customer_service.controller.CustomerController#searchCustomers(SearchCriteria)
2024-12-23T16:10:30.110-05:00 DEBUG 31456 --- [customer_service] [           main] o.s.w.s.m.m.a.HttpEntityMethodProcessor  : Using 'application/json', given [*/*] and supported [application/json, application/*+json]
2024-12-23T16:10:30.110-05:00 DEBUG 31456 --- [customer_service] [           main] o.s.w.s.m.m.a.HttpEntityMethodProcessor  : Writing [{message=Invalid search parameter, status=400}]
Test Passed: Search endpoint returned 400 Bad Request for IllegalArgumentException.
]]></system-out>
  </testcase>
  <testcase name="patchCustomerStatus_shouldReturnOkWhenUpdateIsSuccessful" classname="com.example.customer_service.controller.CustomerServiceControllerTest" time="0.02">
    <system-out><![CDATA[2024-12-23T16:10:30.123-05:00 DEBUG 31456 --- [customer_service] [           main] s.w.s.m.m.a.RequestMappingHandlerMapping : 7 mappings in org.springframework.web.servlet.mvc.method.annotation.RequestMappingHandlerMapping
2024-12-23T16:10:30.124-05:00 DEBUG 31456 --- [customer_service] [           main] s.w.s.m.m.a.RequestMappingHandlerAdapter : ControllerAdvice beans: 0 @ModelAttribute, 0 @InitBinder, 1 RequestBodyAdvice, 1 ResponseBodyAdvice
2024-12-23T16:10:30.125-05:00 DEBUG 31456 --- [customer_service] [           main] .m.m.a.ExceptionHandlerExceptionResolver : ControllerAdvice beans: 0 @ExceptionHandler, 1 ResponseBodyAdvice
2024-12-23T16:10:30.125-05:00  INFO 31456 --- [customer_service] [           main] o.s.mock.web.MockServletContext          : Initializing Spring TestDispatcherServlet ''
2024-12-23T16:10:30.125-05:00  INFO 31456 --- [customer_service] [           main] o.s.t.web.servlet.TestDispatcherServlet  : Initializing Servlet ''
2024-12-23T16:10:30.125-05:00  INFO 31456 --- [customer_service] [           main] o.s.t.web.servlet.TestDispatcherServlet  : Completed initialization in 0 ms
2024-12-23T16:10:30.127-05:00 DEBUG 31456 --- [customer_service] [           main] s.w.s.m.m.a.RequestMappingHandlerMapping : Mapped to com.example.customer_service.controller.CustomerController#updateCustomerStatus(Long, Map)
2024-12-23T16:10:30.129-05:00 DEBUG 31456 --- [customer_service] [           main] m.m.a.RequestResponseBodyMethodProcessor : Read "application/json" to [{status=enabled}]
2024-12-23T16:10:30.130-05:00 DEBUG 31456 --- [customer_service] [           main] o.s.w.s.m.m.a.HttpEntityMethodProcessor  : Using 'application/json', given [*/*] and supported [application/json, application/*+json]
2024-12-23T16:10:30.130-05:00 DEBUG 31456 --- [customer_service] [           main] o.s.w.s.m.m.a.HttpEntityMethodProcessor  : Writing [{message=Customer status updated successfully, status=200}]
Test Passed: PATCH successfully updated customer status.
]]></system-out>
  </testcase>
  <testcase name="updateCustomer_shouldReturnBadRequestWhenEmailIsEmpty" classname="com.example.customer_service.controller.CustomerServiceControllerTest" time="0.015">
    <system-out><![CDATA[2024-12-23T16:10:30.138-05:00 DEBUG 31456 --- [customer_service] [           main] s.w.s.m.m.a.RequestMappingHandlerMapping : 7 mappings in org.springframework.web.servlet.mvc.method.annotation.RequestMappingHandlerMapping
2024-12-23T16:10:30.140-05:00 DEBUG 31456 --- [customer_service] [           main] s.w.s.m.m.a.RequestMappingHandlerAdapter : ControllerAdvice beans: 0 @ModelAttribute, 0 @InitBinder, 1 RequestBodyAdvice, 1 ResponseBodyAdvice
2024-12-23T16:10:30.140-05:00 DEBUG 31456 --- [customer_service] [           main] .m.m.a.ExceptionHandlerExceptionResolver : ControllerAdvice beans: 0 @ExceptionHandler, 1 ResponseBodyAdvice
2024-12-23T16:10:30.140-05:00  INFO 31456 --- [customer_service] [           main] o.s.mock.web.MockServletContext          : Initializing Spring TestDispatcherServlet ''
2024-12-23T16:10:30.140-05:00  INFO 31456 --- [customer_service] [           main] o.s.t.web.servlet.TestDispatcherServlet  : Initializing Servlet ''
2024-12-23T16:10:30.140-05:00  INFO 31456 --- [customer_service] [           main] o.s.t.web.servlet.TestDispatcherServlet  : Completed initialization in 0 ms
2024-12-23T16:10:30.142-05:00 DEBUG 31456 --- [customer_service] [           main] s.w.s.m.m.a.RequestMappingHandlerMapping : Mapped to com.example.customer_service.controller.CustomerController#updateCustomer(Long, Map)
2024-12-23T16:10:30.145-05:00 DEBUG 31456 --- [customer_service] [           main] m.m.a.RequestResponseBodyMethodProcessor : Read "application/json" to [{email=}]
2024-12-23T16:10:30.146-05:00 DEBUG 31456 --- [customer_service] [           main] o.s.w.s.m.m.a.HttpEntityMethodProcessor  : Using 'application/json', given [*/*] and supported [application/json, application/*+json]
2024-12-23T16:10:30.146-05:00 DEBUG 31456 --- [customer_service] [           main] o.s.w.s.m.m.a.HttpEntityMethodProcessor  : Writing [{message=Invalid email format, status=400}]
Test Passed: PUT with empty 'email' returned 400 Bad Request.
]]></system-out>
  </testcase>
  <testcase name="updateCustomer_shouldReturnBadRequestWhenEmailLacksAtSymbol" classname="com.example.customer_service.controller.CustomerServiceControllerTest" time="0.01">
    <system-out><![CDATA[2024-12-23T16:10:30.153-05:00 DEBUG 31456 --- [customer_service] [           main] s.w.s.m.m.a.RequestMappingHandlerMapping : 7 mappings in org.springframework.web.servlet.mvc.method.annotation.RequestMappingHandlerMapping
2024-12-23T16:10:30.154-05:00 DEBUG 31456 --- [customer_service] [           main] s.w.s.m.m.a.RequestMappingHandlerAdapter : ControllerAdvice beans: 0 @ModelAttribute, 0 @InitBinder, 1 RequestBodyAdvice, 1 ResponseBodyAdvice
2024-12-23T16:10:30.154-05:00 DEBUG 31456 --- [customer_service] [           main] .m.m.a.ExceptionHandlerExceptionResolver : ControllerAdvice beans: 0 @ExceptionHandler, 1 ResponseBodyAdvice
2024-12-23T16:10:30.154-05:00  INFO 31456 --- [customer_service] [           main] o.s.mock.web.MockServletContext          : Initializing Spring TestDispatcherServlet ''
2024-12-23T16:10:30.154-05:00  INFO 31456 --- [customer_service] [           main] o.s.t.web.servlet.TestDispatcherServlet  : Initializing Servlet ''
2024-12-23T16:10:30.155-05:00  INFO 31456 --- [customer_service] [           main] o.s.t.web.servlet.TestDispatcherServlet  : Completed initialization in 0 ms
2024-12-23T16:10:30.156-05:00 DEBUG 31456 --- [customer_service] [           main] s.w.s.m.m.a.RequestMappingHandlerMapping : Mapped to com.example.customer_service.controller.CustomerController#updateCustomer(Long, Map)
2024-12-23T16:10:30.157-05:00 DEBUG 31456 --- [customer_service] [           main] m.m.a.RequestResponseBodyMethodProcessor : Read "application/json" to [{email=invalidemail.com}]
2024-12-23T16:10:30.158-05:00 DEBUG 31456 --- [customer_service] [           main] o.s.w.s.m.m.a.HttpEntityMethodProcessor  : Using 'application/json', given [*/*] and supported [application/json, application/*+json]
2024-12-23T16:10:30.158-05:00 DEBUG 31456 --- [customer_service] [           main] o.s.w.s.m.m.a.HttpEntityMethodProcessor  : Writing [{message=Invalid email format, status=400}]
Test Passed: PUT with invalid 'email' returned 400 Bad Request.
]]></system-out>
  </testcase>
  <testcase name="createCustomer_shouldReturnCreateStatus" classname="com.example.customer_service.controller.CustomerServiceControllerTest" time="0.018">
    <system-out><![CDATA[2024-12-23T16:10:30.165-05:00 DEBUG 31456 --- [customer_service] [           main] s.w.s.m.m.a.RequestMappingHandlerMapping : 7 mappings in org.springframework.web.servlet.mvc.method.annotation.RequestMappingHandlerMapping
2024-12-23T16:10:30.168-05:00 DEBUG 31456 --- [customer_service] [           main] s.w.s.m.m.a.RequestMappingHandlerAdapter : ControllerAdvice beans: 0 @ModelAttribute, 0 @InitBinder, 1 RequestBodyAdvice, 1 ResponseBodyAdvice
2024-12-23T16:10:30.168-05:00 DEBUG 31456 --- [customer_service] [           main] .m.m.a.ExceptionHandlerExceptionResolver : ControllerAdvice beans: 0 @ExceptionHandler, 1 ResponseBodyAdvice
2024-12-23T16:10:30.169-05:00  INFO 31456 --- [customer_service] [           main] o.s.mock.web.MockServletContext          : Initializing Spring TestDispatcherServlet ''
2024-12-23T16:10:30.169-05:00  INFO 31456 --- [customer_service] [           main] o.s.t.web.servlet.TestDispatcherServlet  : Initializing Servlet ''
2024-12-23T16:10:30.169-05:00  INFO 31456 --- [customer_service] [           main] o.s.t.web.servlet.TestDispatcherServlet  : Completed initialization in 0 ms
2024-12-23T16:10:30.172-05:00 DEBUG 31456 --- [customer_service] [           main] s.w.s.m.m.a.RequestMappingHandlerMapping : Mapped to com.example.customer_service.controller.CustomerController#createCustomer(CustomerDTO)
2024-12-23T16:10:30.174-05:00 DEBUG 31456 --- [customer_service] [           main] m.m.a.RequestResponseBodyMethodProcessor : Read "application/json" to [CustomerDTO(id=null, name=John Doe, industry=IT, companySize=50, email=Johndoe@example.com, phoneNum (truncated)...]
2024-12-23T16:10:30.176-05:00 DEBUG 31456 --- [customer_service] [           main] o.s.w.s.m.m.a.HttpEntityMethodProcessor  : Using 'application/json', given [*/*] and supported [application/json, application/*+json]
2024-12-23T16:10:30.176-05:00 DEBUG 31456 --- [customer_service] [           main] o.s.w.s.m.m.a.HttpEntityMethodProcessor  : Writing [{message=Customer created successfully, status=201}]
Test Passed: POST Create test passed successfully.
]]></system-out>
  </testcase>
  <testcase name="createCustomer_shouldReturnBadRequestWhenEmailIsNull" classname="com.example.customer_service.controller.CustomerServiceControllerTest" time="0.022">
    <system-out><![CDATA[2024-12-23T16:10:30.190-05:00 DEBUG 31456 --- [customer_service] [           main] s.w.s.m.m.a.RequestMappingHandlerMapping : 7 mappings in org.springframework.web.servlet.mvc.method.annotation.RequestMappingHandlerMapping
2024-12-23T16:10:30.191-05:00 DEBUG 31456 --- [customer_service] [           main] s.w.s.m.m.a.RequestMappingHandlerAdapter : ControllerAdvice beans: 0 @ModelAttribute, 0 @InitBinder, 1 RequestBodyAdvice, 1 ResponseBodyAdvice
2024-12-23T16:10:30.192-05:00 DEBUG 31456 --- [customer_service] [           main] .m.m.a.ExceptionHandlerExceptionResolver : ControllerAdvice beans: 0 @ExceptionHandler, 1 ResponseBodyAdvice
2024-12-23T16:10:30.192-05:00  INFO 31456 --- [customer_service] [           main] o.s.mock.web.MockServletContext          : Initializing Spring TestDispatcherServlet ''
2024-12-23T16:10:30.192-05:00  INFO 31456 --- [customer_service] [           main] o.s.t.web.servlet.TestDispatcherServlet  : Initializing Servlet ''
2024-12-23T16:10:30.192-05:00  INFO 31456 --- [customer_service] [           main] o.s.t.web.servlet.TestDispatcherServlet  : Completed initialization in 0 ms
2024-12-23T16:10:30.194-05:00 DEBUG 31456 --- [customer_service] [           main] s.w.s.m.m.a.RequestMappingHandlerMapping : Mapped to com.example.customer_service.controller.CustomerController#createCustomer(CustomerDTO)
2024-12-23T16:10:30.196-05:00 DEBUG 31456 --- [customer_service] [           main] m.m.a.RequestResponseBodyMethodProcessor : Read "application/json" to [CustomerDTO(id=null, name=John Doe, industry=IT, companySize=50, email=null, phoneNumber=1234567890, (truncated)...]
2024-12-23T16:10:30.197-05:00 DEBUG 31456 --- [customer_service] [           main] o.s.w.s.m.m.a.HttpEntityMethodProcessor  : Using 'application/json', given [*/*] and supported [application/json, application/*+json]
2024-12-23T16:10:30.198-05:00 DEBUG 31456 --- [customer_service] [           main] o.s.w.s.m.m.a.HttpEntityMethodProcessor  : Writing [{message=Invalid email format, status=400}]
Test Passed: POST with null email returned 400 Bad Request.
]]></system-out>
  </testcase>
  <testcase name="createCustomer_shouldReturnBadRequestWhenEmailLacksAtSymbol" classname="com.example.customer_service.controller.CustomerServiceControllerTest" time="0.024">
    <system-out><![CDATA[2024-12-23T16:10:30.210-05:00 DEBUG 31456 --- [customer_service] [           main] s.w.s.m.m.a.RequestMappingHandlerMapping : 7 mappings in org.springframework.web.servlet.mvc.method.annotation.RequestMappingHandlerMapping
2024-12-23T16:10:30.213-05:00 DEBUG 31456 --- [customer_service] [           main] s.w.s.m.m.a.RequestMappingHandlerAdapter : ControllerAdvice beans: 0 @ModelAttribute, 0 @InitBinder, 1 RequestBodyAdvice, 1 ResponseBodyAdvice
2024-12-23T16:10:30.213-05:00 DEBUG 31456 --- [customer_service] [           main] .m.m.a.ExceptionHandlerExceptionResolver : ControllerAdvice beans: 0 @ExceptionHandler, 1 ResponseBodyAdvice
2024-12-23T16:10:30.214-05:00  INFO 31456 --- [customer_service] [           main] o.s.mock.web.MockServletContext          : Initializing Spring TestDispatcherServlet ''
2024-12-23T16:10:30.214-05:00  INFO 31456 --- [customer_service] [           main] o.s.t.web.servlet.TestDispatcherServlet  : Initializing Servlet ''
2024-12-23T16:10:30.214-05:00  INFO 31456 --- [customer_service] [           main] o.s.t.web.servlet.TestDispatcherServlet  : Completed initialization in 0 ms
2024-12-23T16:10:30.218-05:00 DEBUG 31456 --- [customer_service] [           main] s.w.s.m.m.a.RequestMappingHandlerMapping : Mapped to com.example.customer_service.controller.CustomerController#createCustomer(CustomerDTO)
2024-12-23T16:10:30.222-05:00 DEBUG 31456 --- [customer_service] [           main] m.m.a.RequestResponseBodyMethodProcessor : Read "application/json" to [CustomerDTO(id=null, name=John Doe, industry=IT, companySize=50, email=invalidemail.com, phoneNumber (truncated)...]
2024-12-23T16:10:30.223-05:00 DEBUG 31456 --- [customer_service] [           main] o.s.w.s.m.m.a.HttpEntityMethodProcessor  : Using 'application/json', given [*/*] and supported [application/json, application/*+json]
2024-12-23T16:10:30.224-05:00 DEBUG 31456 --- [customer_service] [           main] o.s.w.s.m.m.a.HttpEntityMethodProcessor  : Writing [{message=Invalid email format, status=400}]
Test Passed: POST with email lacking '@' returned 400 Bad Request.
]]></system-out>
  </testcase>
</testsuite>